nohup: ignoring input
ConvNet
Data statistics: {0: {0: 5000}, 1: {1: 5000}, 2: {2: 5000}, 3: {3: 5000}, 4: {4: 5000}, 5: {5: 5000}, 6: {6: 5000}, 7: {7: 5000}, 8: {8: 5000}, 9: {9: 5000}}
{0: [0], 1: [1], 2: [2], 3: [3], 4: [4], 5: [5], 6: [6], 7: [7], 8: [8], 9: [9]}
/home/ljq/DZH/FL/feddm/main_our.py:176: UserWarning: Creating a tensor from a list of numpy.ndarrays is extremely slow. Please consider converting the list to a single numpy.ndarray with numpy.array() before converting to a tensor. (Triggered internally at /pytorch/torch/csrc/utils/tensor_new.cpp:253.)
  label_syn = torch.tensor([np.ones(args.ipc)*i for i in range(num_classes)], dtype=torch.long, requires_grad=False, device=args.device).view(-1)
/home/ljq/DZH/FL/feddm/dataset/dataset.py:317: UserWarning: To copy construct from a tensor, it is recommended to use sourceTensor.detach().clone() or sourceTensor.detach().clone().requires_grad_(True), rather than torch.tensor(sourceTensor).
  return torch.tensor(image), torch.tensor(label)
[2026-05-12 14:03:33] training begins
  0%|          | 0/20 [00:00<?, ?it/s]
================== Epoch 0 ==================

Choosing users 4 5 8 1 9 2 3 0 6 7
initialize synthetic data from random real images with pseudo labels
/home/ljq/DZH/FL/feddm/optimizer_cust.py:111: UserWarning: This overload of add_ is deprecated:
	add_(Number alpha, Tensor other)
Consider using one of the following signatures instead:
	add_(Tensor other, *, Number alpha = 1) (Triggered internally at /pytorch/torch/csrc/utils/python_arg_parser.cpp:1862.)
  p.data.add_(-group['lr'], d_p)
[2026-05-12 14:03:38] user 4 loss = 2.4304 at iteration 0
/home/ljq/anaconda3/envs/D3HR/lib/python3.10/site-packages/torch/functional.py:505: UserWarning: torch.meshgrid: in an upcoming release, it will be required to pass the indexing argument. (Triggered internally at /pytorch/aten/src/ATen/native/TensorShape.cpp:4381.)
  return _VF.meshgrid(tensors, **kwargs)  # type: ignore[attr-defined]
/home/ljq/DZH/FL/feddm/dataset/dataset.py:485: UserWarning: Default grid_sample and affine_grid behavior has changed to align_corners=False since 1.3.0. Please specify align_corners=True if the old behavior is desired. See the documentation of grid_sample for details.
  grid = F.affine_grid(theta, x.shape).to(x.device)
/home/ljq/DZH/FL/feddm/dataset/dataset.py:486: UserWarning: Default grid_sample and affine_grid behavior has changed to align_corners=False since 1.3.0. Please specify align_corners=True if the old behavior is desired. See the documentation of grid_sample for details.
  x = F.grid_sample(x, grid)
/home/ljq/DZH/FL/feddm/dataset/dataset.py:471: UserWarning: Default grid_sample and affine_grid behavior has changed to align_corners=False since 1.3.0. Please specify align_corners=True if the old behavior is desired. See the documentation of grid_sample for details.
  grid = F.affine_grid(theta, x.shape).to(x.device)
/home/ljq/DZH/FL/feddm/dataset/dataset.py:472: UserWarning: Default grid_sample and affine_grid behavior has changed to align_corners=False since 1.3.0. Please specify align_corners=True if the old behavior is desired. See the documentation of grid_sample for details.
  x = F.grid_sample(x, grid)
[2026-05-12 14:05:34] user 4 loss = 2.4208 at iteration 500
[2026-05-12 14:07:28] user 4 loss = 2.3964 at iteration 1000
initialize synthetic data from random real images with pseudo labels
[2026-05-12 14:07:29] user 5 loss = 2.4296 at iteration 0
[2026-05-12 14:09:25] user 5 loss = 2.4126 at iteration 500
[2026-05-12 14:11:20] user 5 loss = 2.4127 at iteration 1000
initialize synthetic data from random real images with pseudo labels
[2026-05-12 14:11:21] user 8 loss = 2.5000 at iteration 0
[2026-05-12 14:13:15] user 8 loss = 2.4486 at iteration 500
[2026-05-12 14:15:12] user 8 loss = 2.4396 at iteration 1000
initialize synthetic data from random real images with pseudo labels
[2026-05-12 14:15:12] user 1 loss = 2.4468 at iteration 0
[2026-05-12 14:17:10] user 1 loss = 2.4288 at iteration 500
[2026-05-12 14:19:06] user 1 loss = 2.4121 at iteration 1000
initialize synthetic data from random real images with pseudo labels
[2026-05-12 14:19:06] user 9 loss = 2.4626 at iteration 0
[2026-05-12 14:21:01] user 9 loss = 2.4513 at iteration 500
[2026-05-12 14:22:55] user 9 loss = 2.4099 at iteration 1000
initialize synthetic data from random real images with pseudo labels
[2026-05-12 14:22:55] user 2 loss = 2.4572 at iteration 0
[2026-05-12 14:24:52] user 2 loss = 2.4589 at iteration 500
[2026-05-12 14:26:49] user 2 loss = 2.4048 at iteration 1000
initialize synthetic data from random real images with pseudo labels
[2026-05-12 14:26:49] user 3 loss = 2.4256 at iteration 0
[2026-05-12 14:28:48] user 3 loss = 2.4169 at iteration 500
[2026-05-12 14:30:44] user 3 loss = 2.4162 at iteration 1000
initialize synthetic data from random real images with pseudo labels
[2026-05-12 14:30:44] user 0 loss = 2.4887 at iteration 0
[2026-05-12 14:32:38] user 0 loss = 2.4523 at iteration 500
[2026-05-12 14:34:02] user 0 loss = 2.4165 at iteration 1000
initialize synthetic data from random real images with pseudo labels
[2026-05-12 14:34:02] user 6 loss = 2.4239 at iteration 0
[2026-05-12 14:35:18] user 6 loss = 2.4017 at iteration 500
[2026-05-12 14:36:30] user 6 loss = 2.3920 at iteration 1000
initialize synthetic data from random real images with pseudo labels
[2026-05-12 14:36:30] user 7 loss = 2.4650 at iteration 0
[2026-05-12 14:37:42] user 7 loss = 2.4280 at iteration 500
[2026-05-12 14:38:53] user 7 loss = 2.4506 at iteration 1000
DSA augmentation strategy: 
color_crop_cutout_flip_scale_rotate
DSA augmentation parameters: 
{'aug_mode': 'S', 'prob_flip': 0.5, 'ratio_scale': 1.2, 'ratio_rotate': 15.0, 'ratio_crop_pad': 0.125, 'ratio_cutout': 0.5, 'ratio_noise': 0.05, 'brightness': 1.0, 'saturation': 2.0, 'contrast': 0.5, 'Siamese': True, 'latestseed': 33885}
[2026-05-12 14:38:55] Evaluate_00: epoch = 0000 test acc = 0.0976
[2026-05-12 14:39:03] Evaluate_00: epoch = 0500 train loss = 0.014130 train acc = 1.0000, test acc = 0.3435
[2026-05-12 14:39:15] Evaluate_00: epoch = 1000 train loss = 0.000358 train acc = 1.0000, test acc = 0.3418
Evaluate syns debug: loader_size: 40, batch_size: 256
[2026-05-12 14:39:15] Epoch = 0000 test acc = 0.3418
  5%|▌         | 1/20 [35:42<11:18:21, 2142.16s/it]
================== Epoch 1 ==================

Choosing users 4 2 7 6 9 8 0 3 1 5
initialize synthetic data from random real images with pseudo labels
[2026-05-12 14:39:15] user 4 loss = 4.8569 at iteration 0
[2026-05-12 14:40:09] user 4 loss = 4.7881 at iteration 500
[2026-05-12 14:41:05] user 4 loss = 4.7625 at iteration 1000
initialize synthetic data from random real images with pseudo labels
[2026-05-12 14:41:05] user 2 loss = 4.8195 at iteration 0
[2026-05-12 14:42:00] user 2 loss = 4.7725 at iteration 500
[2026-05-12 14:42:53] user 2 loss = 4.7620 at iteration 1000
initialize synthetic data from random real images with pseudo labels
[2026-05-12 14:42:53] user 7 loss = 4.8666 at iteration 0
[2026-05-12 14:43:50] user 7 loss = 4.8109 at iteration 500
[2026-05-12 14:44:50] user 7 loss = 4.7764 at iteration 1000
initialize synthetic data from random real images with pseudo labels
[2026-05-12 14:44:50] user 6 loss = 4.8528 at iteration 0
[2026-05-12 14:45:50] user 6 loss = 4.7981 at iteration 500
[2026-05-12 14:46:49] user 6 loss = 4.7579 at iteration 1000
initialize synthetic data from random real images with pseudo labels
[2026-05-12 14:46:49] user 9 loss = 4.8238 at iteration 0
[2026-05-12 14:47:43] user 9 loss = 4.7890 at iteration 500
[2026-05-12 14:48:43] user 9 loss = 4.7716 at iteration 1000
initialize synthetic data from random real images with pseudo labels
[2026-05-12 14:48:44] user 8 loss = 4.8744 at iteration 0
[2026-05-12 14:49:35] user 8 loss = 4.8399 at iteration 500
[2026-05-12 14:50:36] user 8 loss = 4.7899 at iteration 1000
initialize synthetic data from random real images with pseudo labels
[2026-05-12 14:50:36] user 0 loss = 5.0103 at iteration 0
[2026-05-12 14:51:30] user 0 loss = 4.8987 at iteration 500
[2026-05-12 14:52:35] user 0 loss = 4.7960 at iteration 1000
initialize synthetic data from random real images with pseudo labels
[2026-05-12 14:52:35] user 3 loss = 5.0111 at iteration 0
[2026-05-12 14:53:30] user 3 loss = 4.9276 at iteration 500
[2026-05-12 14:54:30] user 3 loss = 4.8807 at iteration 1000
initialize synthetic data from random real images with pseudo labels
[2026-05-12 14:54:30] user 1 loss = 4.9400 at iteration 0
[2026-05-12 14:55:25] user 1 loss = 4.8425 at iteration 500
[2026-05-12 14:56:22] user 1 loss = 4.8349 at iteration 1000
initialize synthetic data from random real images with pseudo labels
[2026-05-12 14:56:22] user 5 loss = 4.9135 at iteration 0
[2026-05-12 14:57:20] user 5 loss = 4.8005 at iteration 500
[2026-05-12 14:58:20] user 5 loss = 4.7879 at iteration 1000
DSA augmentation strategy: 
color_crop_cutout_flip_scale_rotate
DSA augmentation parameters: 
{'aug_mode': 'S', 'prob_flip': 0.5, 'ratio_scale': 1.2, 'ratio_rotate': 15.0, 'ratio_crop_pad': 0.125, 'ratio_cutout': 0.5, 'ratio_noise': 0.05, 'brightness': 1.0, 'saturation': 2.0, 'contrast': 0.5, 'Siamese': True, 'latestseed': 99997}
[2026-05-12 14:58:21] Evaluate_01: epoch = 0000 test acc = 0.3418
[2026-05-12 14:58:35] Evaluate_01: epoch = 0500 train loss = 0.013676 train acc = 0.9950, test acc = 0.4247
[2026-05-12 14:58:48] Evaluate_01: epoch = 1000 train loss = 0.005832 train acc = 1.0000, test acc = 0.4309
Evaluate syns debug: loader_size: 40, batch_size: 256
[2026-05-12 14:58:48] Epoch = 0001 test acc = 0.4309
 10%|█         | 2/20 [55:15<7:51:39, 1572.17s/it] 
================== Epoch 2 ==================

Choosing users 0 5 8 2 6 3 9 7 1 4
initialize synthetic data from random real images with pseudo labels
[2026-05-12 14:58:48] user 0 loss = 4.9384 at iteration 0
[2026-05-12 14:59:45] user 0 loss = 4.8390 at iteration 500
[2026-05-12 15:00:49] user 0 loss = 4.8131 at iteration 1000
initialize synthetic data from random real images with pseudo labels
[2026-05-12 15:00:49] user 5 loss = 4.8993 at iteration 0
[2026-05-12 15:01:44] user 5 loss = 4.8173 at iteration 500
[2026-05-12 15:02:49] user 5 loss = 4.8192 at iteration 1000
initialize synthetic data from random real images with pseudo labels
[2026-05-12 15:02:49] user 8 loss = 4.8577 at iteration 0
[2026-05-12 15:03:48] user 8 loss = 4.8154 at iteration 500
[2026-05-12 15:04:47] user 8 loss = 4.7963 at iteration 1000
initialize synthetic data from random real images with pseudo labels
[2026-05-12 15:04:47] user 2 loss = 4.9388 at iteration 0
[2026-05-12 15:05:22] user 2 loss = 4.8134 at iteration 500
[2026-05-12 15:06:00] user 2 loss = 4.7951 at iteration 1000
initialize synthetic data from random real images with pseudo labels
[2026-05-12 15:06:00] user 6 loss = 4.8497 at iteration 0
[2026-05-12 15:06:24] user 6 loss = 4.7574 at iteration 500
[2026-05-12 15:06:43] user 6 loss = 4.7409 at iteration 1000
initialize synthetic data from random real images with pseudo labels
[2026-05-12 15:06:43] user 3 loss = 4.9148 at iteration 0
[2026-05-12 15:07:03] user 3 loss = 4.8712 at iteration 500
[2026-05-12 15:07:30] user 3 loss = 4.8312 at iteration 1000
initialize synthetic data from random real images with pseudo labels
[2026-05-12 15:07:31] user 9 loss = 4.8393 at iteration 0
[2026-05-12 15:07:55] user 9 loss = 4.8135 at iteration 500
[2026-05-12 15:08:16] user 9 loss = 4.7695 at iteration 1000
initialize synthetic data from random real images with pseudo labels
[2026-05-12 15:08:16] user 7 loss = 4.8928 at iteration 0
[2026-05-12 15:08:43] user 7 loss = 4.8171 at iteration 500
[2026-05-12 15:09:08] user 7 loss = 4.7722 at iteration 1000
initialize synthetic data from random real images with pseudo labels
[2026-05-12 15:09:08] user 1 loss = 4.8741 at iteration 0
[2026-05-12 15:09:27] user 1 loss = 4.8321 at iteration 500
[2026-05-12 15:09:42] user 1 loss = 4.8089 at iteration 1000
initialize synthetic data from random real images with pseudo labels
[2026-05-12 15:09:42] user 4 loss = 4.8612 at iteration 0
[2026-05-12 15:10:00] user 4 loss = 4.8000 at iteration 500
[2026-05-12 15:10:15] user 4 loss = 4.7732 at iteration 1000
DSA augmentation strategy: 
color_crop_cutout_flip_scale_rotate
DSA augmentation parameters: 
{'aug_mode': 'S', 'prob_flip': 0.5, 'ratio_scale': 1.2, 'ratio_rotate': 15.0, 'ratio_crop_pad': 0.125, 'ratio_cutout': 0.5, 'ratio_noise': 0.05, 'brightness': 1.0, 'saturation': 2.0, 'contrast': 0.5, 'Siamese': True, 'latestseed': 15711}
[2026-05-12 15:10:16] Evaluate_02: epoch = 0000 test acc = 0.4309
[2026-05-12 15:10:26] Evaluate_02: epoch = 0500 train loss = 0.009281 train acc = 1.0000, test acc = 0.4674
[2026-05-12 15:10:35] Evaluate_02: epoch = 1000 train loss = 0.004833 train acc = 1.0000, test acc = 0.4753
Evaluate syns debug: loader_size: 40, batch_size: 256
[2026-05-12 15:10:35] Epoch = 0002 test acc = 0.4753
 15%|█▌        | 3/20 [1:07:01<5:33:26, 1176.86s/it]
================== Epoch 3 ==================

Choosing users 3 7 9 6 8 2 5 4 0 1
initialize synthetic data from random real images with pseudo labels
[2026-05-12 15:10:35] user 3 loss = 4.8774 at iteration 0
[2026-05-12 15:10:49] user 3 loss = 4.8124 at iteration 500
[2026-05-12 15:11:05] user 3 loss = 4.7914 at iteration 1000
initialize synthetic data from random real images with pseudo labels
[2026-05-12 15:11:05] user 7 loss = 4.8728 at iteration 0
[2026-05-12 15:11:19] user 7 loss = 4.8576 at iteration 500
[2026-05-12 15:11:32] user 7 loss = 4.7993 at iteration 1000
initialize synthetic data from random real images with pseudo labels
[2026-05-12 15:11:32] user 9 loss = 5.0234 at iteration 0
[2026-05-12 15:11:45] user 9 loss = 4.8992 at iteration 500
[2026-05-12 15:12:01] user 9 loss = 4.9099 at iteration 1000
initialize synthetic data from random real images with pseudo labels
[2026-05-12 15:12:01] user 6 loss = 4.8766 at iteration 0
[2026-05-12 15:12:24] user 6 loss = 4.8291 at iteration 500
[2026-05-12 15:12:42] user 6 loss = 4.7542 at iteration 1000
initialize synthetic data from random real images with pseudo labels
[2026-05-12 15:12:42] user 8 loss = 4.9701 at iteration 0
[2026-05-12 15:13:03] user 8 loss = 4.8592 at iteration 500
[2026-05-12 15:13:23] user 8 loss = 4.8710 at iteration 1000
initialize synthetic data from random real images with pseudo labels
[2026-05-12 15:13:23] user 2 loss = 4.9836 at iteration 0
[2026-05-12 15:13:36] user 2 loss = 4.8720 at iteration 500
[2026-05-12 15:13:49] user 2 loss = 4.8278 at iteration 1000
initialize synthetic data from random real images with pseudo labels
[2026-05-12 15:13:49] user 5 loss = 4.8863 at iteration 0
[2026-05-12 15:14:06] user 5 loss = 4.8439 at iteration 500
[2026-05-12 15:14:19] user 5 loss = 4.7931 at iteration 1000
initialize synthetic data from random real images with pseudo labels
[2026-05-12 15:14:19] user 4 loss = 4.8449 at iteration 0
[2026-05-12 15:14:32] user 4 loss = 4.8036 at iteration 500
[2026-05-12 15:14:45] user 4 loss = 4.7533 at iteration 1000
initialize synthetic data from random real images with pseudo labels
[2026-05-12 15:14:45] user 0 loss = 4.8920 at iteration 0
[2026-05-12 15:14:58] user 0 loss = 4.8296 at iteration 500
[2026-05-12 15:15:12] user 0 loss = 4.8257 at iteration 1000
initialize synthetic data from random real images with pseudo labels
[2026-05-12 15:15:12] user 1 loss = 4.9371 at iteration 0
[2026-05-12 15:15:24] user 1 loss = 4.8730 at iteration 500
[2026-05-12 15:15:37] user 1 loss = 4.7939 at iteration 1000
DSA augmentation strategy: 
color_crop_cutout_flip_scale_rotate
DSA augmentation parameters: 
{'aug_mode': 'S', 'prob_flip': 0.5, 'ratio_scale': 1.2, 'ratio_rotate': 15.0, 'ratio_crop_pad': 0.125, 'ratio_cutout': 0.5, 'ratio_noise': 0.05, 'brightness': 1.0, 'saturation': 2.0, 'contrast': 0.5, 'Siamese': True, 'latestseed': 37589}
[2026-05-12 15:15:38] Evaluate_03: epoch = 0000 test acc = 0.4753
[2026-05-12 15:15:47] Evaluate_03: epoch = 0500 train loss = 0.002869 train acc = 1.0000, test acc = 0.5014
[2026-05-12 15:15:56] Evaluate_03: epoch = 1000 train loss = 0.004333 train acc = 1.0000, test acc = 0.5014
Evaluate syns debug: loader_size: 40, batch_size: 256
[2026-05-12 15:15:56] Epoch = 0003 test acc = 0.5014
 20%|██        | 4/20 [1:12:23<3:43:48, 839.26s/it] 
================== Epoch 4 ==================

Choosing users 6 0 9 5 3 1 2 7 8 4
initialize synthetic data from random real images with pseudo labels
[2026-05-12 15:15:56] user 6 loss = 4.8904 at iteration 0
[2026-05-12 15:16:09] user 6 loss = 4.8167 at iteration 500
[2026-05-12 15:16:22] user 6 loss = 4.7875 at iteration 1000
initialize synthetic data from random real images with pseudo labels
[2026-05-12 15:16:22] user 0 loss = 4.9411 at iteration 0
[2026-05-12 15:16:35] user 0 loss = 4.8862 at iteration 500
[2026-05-12 15:16:47] user 0 loss = 4.8010 at iteration 1000
initialize synthetic data from random real images with pseudo labels
[2026-05-12 15:16:47] user 9 loss = 4.8389 at iteration 0
[2026-05-12 15:17:00] user 9 loss = 4.7903 at iteration 500
[2026-05-12 15:17:12] user 9 loss = 4.7513 at iteration 1000
initialize synthetic data from random real images with pseudo labels
[2026-05-12 15:17:12] user 5 loss = 4.9078 at iteration 0
[2026-05-12 15:17:25] user 5 loss = 4.8236 at iteration 500
[2026-05-12 15:17:38] user 5 loss = 4.7941 at iteration 1000
initialize synthetic data from random real images with pseudo labels
[2026-05-12 15:17:38] user 3 loss = 4.9402 at iteration 0
[2026-05-12 15:17:50] user 3 loss = 4.8104 at iteration 500
[2026-05-12 15:18:03] user 3 loss = 4.7696 at iteration 1000
initialize synthetic data from random real images with pseudo labels
[2026-05-12 15:18:03] user 1 loss = 4.8548 at iteration 0
[2026-05-12 15:18:16] user 1 loss = 4.8101 at iteration 500
[2026-05-12 15:18:28] user 1 loss = 4.7654 at iteration 1000
initialize synthetic data from random real images with pseudo labels
[2026-05-12 15:18:28] user 2 loss = 4.9044 at iteration 0
[2026-05-12 15:18:41] user 2 loss = 4.8248 at iteration 500
[2026-05-12 15:18:54] user 2 loss = 4.7923 at iteration 1000
initialize synthetic data from random real images with pseudo labels
[2026-05-12 15:18:54] user 7 loss = 4.8354 at iteration 0
[2026-05-12 15:19:06] user 7 loss = 4.7882 at iteration 500
[2026-05-12 15:19:19] user 7 loss = 4.7729 at iteration 1000
initialize synthetic data from random real images with pseudo labels
[2026-05-12 15:19:19] user 8 loss = 4.8446 at iteration 0
[2026-05-12 15:19:32] user 8 loss = 4.7656 at iteration 500
[2026-05-12 15:19:45] user 8 loss = 4.7554 at iteration 1000
initialize synthetic data from random real images with pseudo labels
[2026-05-12 15:19:45] user 4 loss = 4.8625 at iteration 0
[2026-05-12 15:19:58] user 4 loss = 4.7869 at iteration 500
[2026-05-12 15:20:14] user 4 loss = 4.7538 at iteration 1000
DSA augmentation strategy: 
color_crop_cutout_flip_scale_rotate
DSA augmentation parameters: 
{'aug_mode': 'S', 'prob_flip': 0.5, 'ratio_scale': 1.2, 'ratio_rotate': 15.0, 'ratio_crop_pad': 0.125, 'ratio_cutout': 0.5, 'ratio_noise': 0.05, 'brightness': 1.0, 'saturation': 2.0, 'contrast': 0.5, 'Siamese': True, 'latestseed': 14630}
[2026-05-12 15:20:15] Evaluate_04: epoch = 0000 test acc = 0.5014
[2026-05-12 15:20:26] Evaluate_04: epoch = 0500 train loss = 0.006666 train acc = 1.0000, test acc = 0.5205
[2026-05-12 15:20:36] Evaluate_04: epoch = 1000 train loss = 0.001735 train acc = 1.0000, test acc = 0.5217
Evaluate syns debug: loader_size: 40, batch_size: 256
[2026-05-12 15:20:36] Epoch = 0004 test acc = 0.5217
 25%|██▌       | 5/20 [1:17:03<2:39:24, 637.62s/it]
================== Epoch 5 ==================

Choosing users 2 3 7 8 1 0 6 4 5 9
initialize synthetic data from random real images with pseudo labels
[2026-05-12 15:20:37] user 2 loss = 4.9781 at iteration 0
[2026-05-12 15:20:49] user 2 loss = 4.8280 at iteration 500
[2026-05-12 15:21:01] user 2 loss = 4.7746 at iteration 1000
initialize synthetic data from random real images with pseudo labels
[2026-05-12 15:21:01] user 3 loss = 4.8556 at iteration 0
[2026-05-12 15:21:19] user 3 loss = 4.7973 at iteration 500
[2026-05-12 15:21:32] user 3 loss = 4.7717 at iteration 1000
initialize synthetic data from random real images with pseudo labels
[2026-05-12 15:21:32] user 7 loss = 4.9171 at iteration 0
[2026-05-12 15:21:45] user 7 loss = 4.8487 at iteration 500
[2026-05-12 15:21:58] user 7 loss = 4.8181 at iteration 1000
initialize synthetic data from random real images with pseudo labels
[2026-05-12 15:21:58] user 8 loss = 4.8280 at iteration 0
[2026-05-12 15:22:13] user 8 loss = 4.7585 at iteration 500
[2026-05-12 15:22:29] user 8 loss = 4.7510 at iteration 1000
initialize synthetic data from random real images with pseudo labels
[2026-05-12 15:22:29] user 1 loss = 4.9119 at iteration 0
[2026-05-12 15:22:42] user 1 loss = 4.9192 at iteration 500
[2026-05-12 15:22:54] user 1 loss = 4.8784 at iteration 1000
initialize synthetic data from random real images with pseudo labels
[2026-05-12 15:22:54] user 0 loss = 4.8611 at iteration 0
[2026-05-12 15:23:07] user 0 loss = 4.7989 at iteration 500
[2026-05-12 15:23:24] user 0 loss = 4.7451 at iteration 1000
initialize synthetic data from random real images with pseudo labels
[2026-05-12 15:23:24] user 6 loss = 4.9738 at iteration 0
[2026-05-12 15:23:38] user 6 loss = 4.8574 at iteration 500
[2026-05-12 15:23:50] user 6 loss = 4.8333 at iteration 1000
initialize synthetic data from random real images with pseudo labels
[2026-05-12 15:23:50] user 4 loss = 4.9436 at iteration 0
[2026-05-12 15:24:02] user 4 loss = 4.8756 at iteration 500
[2026-05-12 15:24:17] user 4 loss = 4.8240 at iteration 1000
initialize synthetic data from random real images with pseudo labels
[2026-05-12 15:24:17] user 5 loss = 4.9316 at iteration 0
[2026-05-12 15:24:33] user 5 loss = 4.8784 at iteration 500
[2026-05-12 15:24:46] user 5 loss = 4.8083 at iteration 1000
initialize synthetic data from random real images with pseudo labels
[2026-05-12 15:24:46] user 9 loss = 4.8601 at iteration 0
[2026-05-12 15:24:58] user 9 loss = 4.8333 at iteration 500
[2026-05-12 15:25:11] user 9 loss = 4.8053 at iteration 1000
DSA augmentation strategy: 
color_crop_cutout_flip_scale_rotate
DSA augmentation parameters: 
{'aug_mode': 'S', 'prob_flip': 0.5, 'ratio_scale': 1.2, 'ratio_rotate': 15.0, 'ratio_crop_pad': 0.125, 'ratio_cutout': 0.5, 'ratio_noise': 0.05, 'brightness': 1.0, 'saturation': 2.0, 'contrast': 0.5, 'Siamese': True, 'latestseed': 11857}
[2026-05-12 15:25:12] Evaluate_05: epoch = 0000 test acc = 0.5217
[2026-05-12 15:25:28] Evaluate_05: epoch = 0500 train loss = 0.011647 train acc = 1.0000, test acc = 0.5205
[2026-05-12 15:25:43] Evaluate_05: epoch = 1000 train loss = 0.002961 train acc = 1.0000, test acc = 0.5337
Evaluate syns debug: loader_size: 40, batch_size: 256
[2026-05-12 15:25:43] Epoch = 0005 test acc = 0.5337
 30%|███       | 6/20 [1:22:10<2:02:31, 525.11s/it]
================== Epoch 6 ==================

Choosing users 9 5 0 8 3 1 6 4 2 7
initialize synthetic data from random real images with pseudo labels
[2026-05-12 15:25:43] user 9 loss = 4.8685 at iteration 0
[2026-05-12 15:25:56] user 9 loss = 4.8175 at iteration 500
[2026-05-12 15:26:09] user 9 loss = 4.7720 at iteration 1000
initialize synthetic data from random real images with pseudo labels
[2026-05-12 15:26:09] user 5 loss = 4.8587 at iteration 0
[2026-05-12 15:26:23] user 5 loss = 4.8042 at iteration 500
[2026-05-12 15:26:40] user 5 loss = 4.7735 at iteration 1000
initialize synthetic data from random real images with pseudo labels
[2026-05-12 15:26:40] user 0 loss = 4.9490 at iteration 0
[2026-05-12 15:26:52] user 0 loss = 4.8138 at iteration 500
[2026-05-12 15:27:05] user 0 loss = 4.8015 at iteration 1000
initialize synthetic data from random real images with pseudo labels
[2026-05-12 15:27:05] user 8 loss = 4.8832 at iteration 0
[2026-05-12 15:27:18] user 8 loss = 4.8056 at iteration 500
[2026-05-12 15:27:33] user 8 loss = 4.7637 at iteration 1000
initialize synthetic data from random real images with pseudo labels
[2026-05-12 15:27:33] user 3 loss = 4.9235 at iteration 0
[2026-05-12 15:27:48] user 3 loss = 4.8225 at iteration 500
[2026-05-12 15:28:00] user 3 loss = 4.7981 at iteration 1000
initialize synthetic data from random real images with pseudo labels
[2026-05-12 15:28:00] user 1 loss = 4.9268 at iteration 0
[2026-05-12 15:28:13] user 1 loss = 4.8998 at iteration 500
[2026-05-12 15:28:26] user 1 loss = 4.8374 at iteration 1000
initialize synthetic data from random real images with pseudo labels
[2026-05-12 15:28:26] user 6 loss = 4.8862 at iteration 0
[2026-05-12 15:28:44] user 6 loss = 4.7944 at iteration 500
[2026-05-12 15:28:56] user 6 loss = 4.7859 at iteration 1000
initialize synthetic data from random real images with pseudo labels
[2026-05-12 15:28:56] user 4 loss = 4.8592 at iteration 0
[2026-05-12 15:29:09] user 4 loss = 4.7946 at iteration 500
[2026-05-12 15:29:21] user 4 loss = 4.7634 at iteration 1000
initialize synthetic data from random real images with pseudo labels
[2026-05-12 15:29:21] user 2 loss = 5.0209 at iteration 0
[2026-05-12 15:29:37] user 2 loss = 4.9011 at iteration 500
[2026-05-12 15:29:54] user 2 loss = 4.8339 at iteration 1000
initialize synthetic data from random real images with pseudo labels
[2026-05-12 15:29:54] user 7 loss = 4.8535 at iteration 0
[2026-05-12 15:30:06] user 7 loss = 4.7927 at iteration 500
[2026-05-12 15:30:19] user 7 loss = 4.7650 at iteration 1000
DSA augmentation strategy: 
color_crop_cutout_flip_scale_rotate
DSA augmentation parameters: 
{'aug_mode': 'S', 'prob_flip': 0.5, 'ratio_scale': 1.2, 'ratio_rotate': 15.0, 'ratio_crop_pad': 0.125, 'ratio_cutout': 0.5, 'ratio_noise': 0.05, 'brightness': 1.0, 'saturation': 2.0, 'contrast': 0.5, 'Siamese': True, 'latestseed': 19201}
[2026-05-12 15:30:20] Evaluate_06: epoch = 0000 test acc = 0.5337
[2026-05-12 15:30:36] Evaluate_06: epoch = 0500 train loss = 0.001402 train acc = 1.0000, test acc = 0.5424
[2026-05-12 15:30:55] Evaluate_06: epoch = 1000 train loss = 0.002433 train acc = 1.0000, test acc = 0.5506
Evaluate syns debug: loader_size: 40, batch_size: 256
[2026-05-12 15:30:55] Epoch = 0006 test acc = 0.5506
 35%|███▌      | 7/20 [1:27:21<1:38:38, 455.27s/it]
================== Epoch 7 ==================

Choosing users 3 4 0 5 9 1 7 8 6 2
initialize synthetic data from random real images with pseudo labels
[2026-05-12 15:30:55] user 3 loss = 4.8967 at iteration 0
[2026-05-12 15:31:53] user 3 loss = 4.8175 at iteration 500
[2026-05-12 15:32:43] user 3 loss = 4.7830 at iteration 1000
initialize synthetic data from random real images with pseudo labels
[2026-05-12 15:32:43] user 4 loss = 4.9236 at iteration 0
[2026-05-12 15:33:46] user 4 loss = 4.8013 at iteration 500
[2026-05-12 15:34:45] user 4 loss = 4.7832 at iteration 1000
initialize synthetic data from random real images with pseudo labels
[2026-05-12 15:34:46] user 0 loss = 4.8341 at iteration 0
[2026-05-12 15:35:54] user 0 loss = 4.7940 at iteration 500
[2026-05-12 15:36:53] user 0 loss = 4.7832 at iteration 1000
initialize synthetic data from random real images with pseudo labels
[2026-05-12 15:36:53] user 5 loss = 4.8484 at iteration 0
[2026-05-12 15:37:57] user 5 loss = 4.8188 at iteration 500
[2026-05-12 15:38:55] user 5 loss = 4.7914 at iteration 1000
initialize synthetic data from random real images with pseudo labels
[2026-05-12 15:38:55] user 9 loss = 4.8727 at iteration 0
[2026-05-12 15:39:57] user 9 loss = 4.8200 at iteration 500
[2026-05-12 15:41:16] user 9 loss = 4.7805 at iteration 1000
initialize synthetic data from random real images with pseudo labels
[2026-05-12 15:41:16] user 1 loss = 4.8854 at iteration 0
[2026-05-12 15:42:39] user 1 loss = 4.8334 at iteration 500
[2026-05-12 15:44:04] user 1 loss = 4.7848 at iteration 1000
initialize synthetic data from random real images with pseudo labels
[2026-05-12 15:44:04] user 7 loss = 4.8607 at iteration 0
[2026-05-12 15:45:27] user 7 loss = 4.8108 at iteration 500
[2026-05-12 15:46:51] user 7 loss = 4.8063 at iteration 1000
initialize synthetic data from random real images with pseudo labels
[2026-05-12 15:46:52] user 8 loss = 4.8740 at iteration 0
[2026-05-12 15:48:14] user 8 loss = 4.8054 at iteration 500
[2026-05-12 15:49:39] user 8 loss = 4.7538 at iteration 1000
initialize synthetic data from random real images with pseudo labels
[2026-05-12 15:49:39] user 6 loss = 4.8646 at iteration 0
[2026-05-12 15:51:00] user 6 loss = 4.7989 at iteration 500
[2026-05-12 15:52:26] user 6 loss = 4.7518 at iteration 1000
initialize synthetic data from random real images with pseudo labels
[2026-05-12 15:52:26] user 2 loss = 4.9129 at iteration 0
[2026-05-12 15:53:49] user 2 loss = 4.8044 at iteration 500
[2026-05-12 15:55:16] user 2 loss = 4.7772 at iteration 1000
DSA augmentation strategy: 
color_crop_cutout_flip_scale_rotate
DSA augmentation parameters: 
{'aug_mode': 'S', 'prob_flip': 0.5, 'ratio_scale': 1.2, 'ratio_rotate': 15.0, 'ratio_crop_pad': 0.125, 'ratio_cutout': 0.5, 'ratio_noise': 0.05, 'brightness': 1.0, 'saturation': 2.0, 'contrast': 0.5, 'Siamese': True, 'latestseed': 16868}
[2026-05-12 15:55:17] Evaluate_07: epoch = 0000 test acc = 0.5506
[2026-05-12 15:56:16] Evaluate_07: epoch = 0500 train loss = 0.004168 train acc = 1.0000, test acc = 0.5486
[2026-05-12 15:57:20] Evaluate_07: epoch = 1000 train loss = 0.003696 train acc = 1.0000, test acc = 0.5668
Evaluate syns debug: loader_size: 40, batch_size: 256
[2026-05-12 15:57:20] Epoch = 0007 test acc = 0.5668
 40%|████      | 8/20 [1:53:47<2:43:00, 815.07s/it]
================== Epoch 8 ==================

Choosing users 4 7 5 2 9 8 3 6 0 1
initialize synthetic data from random real images with pseudo labels
[2026-05-12 15:57:20] user 4 loss = 4.8500 at iteration 0
[2026-05-12 15:58:46] user 4 loss = 4.8095 at iteration 500
[2026-05-12 16:00:15] user 4 loss = 4.8459 at iteration 1000
initialize synthetic data from random real images with pseudo labels
[2026-05-12 16:00:16] user 7 loss = 4.8121 at iteration 0
[2026-05-12 16:01:40] user 7 loss = 4.7929 at iteration 500
[2026-05-12 16:03:05] user 7 loss = 4.7857 at iteration 1000
initialize synthetic data from random real images with pseudo labels
[2026-05-12 16:03:05] user 5 loss = 4.8302 at iteration 0
[2026-05-12 16:04:28] user 5 loss = 4.7654 at iteration 500
[2026-05-12 16:05:51] user 5 loss = 4.7598 at iteration 1000
initialize synthetic data from random real images with pseudo labels
[2026-05-12 16:05:51] user 2 loss = 4.8832 at iteration 0
[2026-05-12 16:07:16] user 2 loss = 4.8123 at iteration 500
[2026-05-12 16:08:38] user 2 loss = 4.8142 at iteration 1000
initialize synthetic data from random real images with pseudo labels
[2026-05-12 16:08:39] user 9 loss = 4.8571 at iteration 0
[2026-05-12 16:10:03] user 9 loss = 4.7976 at iteration 500
[2026-05-12 16:11:28] user 9 loss = 4.7951 at iteration 1000
initialize synthetic data from random real images with pseudo labels
[2026-05-12 16:11:29] user 8 loss = 4.8782 at iteration 0
[2026-05-12 16:13:29] user 8 loss = 4.7750 at iteration 500
[2026-05-12 16:15:28] user 8 loss = 4.7688 at iteration 1000
initialize synthetic data from random real images with pseudo labels
[2026-05-12 16:15:28] user 3 loss = 4.8597 at iteration 0
[2026-05-12 16:17:26] user 3 loss = 4.7943 at iteration 500
[2026-05-12 16:19:28] user 3 loss = 4.7732 at iteration 1000
initialize synthetic data from random real images with pseudo labels
[2026-05-12 16:19:28] user 6 loss = 4.8907 at iteration 0
[2026-05-12 16:21:28] user 6 loss = 4.7798 at iteration 500
[2026-05-12 16:23:28] user 6 loss = 4.7730 at iteration 1000
initialize synthetic data from random real images with pseudo labels
[2026-05-12 16:23:28] user 0 loss = 4.8965 at iteration 0
[2026-05-12 16:25:30] user 0 loss = 4.8340 at iteration 500
[2026-05-12 16:27:30] user 0 loss = 4.8030 at iteration 1000
initialize synthetic data from random real images with pseudo labels
[2026-05-12 16:27:30] user 1 loss = 4.8680 at iteration 0
[2026-05-12 16:29:34] user 1 loss = 4.7842 at iteration 500
[2026-05-12 16:31:34] user 1 loss = 4.7565 at iteration 1000
DSA augmentation strategy: 
color_crop_cutout_flip_scale_rotate
DSA augmentation parameters: 
{'aug_mode': 'S', 'prob_flip': 0.5, 'ratio_scale': 1.2, 'ratio_rotate': 15.0, 'ratio_crop_pad': 0.125, 'ratio_cutout': 0.5, 'ratio_noise': 0.05, 'brightness': 1.0, 'saturation': 2.0, 'contrast': 0.5, 'Siamese': True, 'latestseed': 94457}
[2026-05-12 16:31:35] Evaluate_08: epoch = 0000 test acc = 0.5668
[2026-05-12 16:33:06] Evaluate_08: epoch = 0500 train loss = 0.002291 train acc = 1.0000, test acc = 0.5700
[2026-05-12 16:34:39] Evaluate_08: epoch = 1000 train loss = 0.001704 train acc = 1.0000, test acc = 0.5771
Evaluate syns debug: loader_size: 40, batch_size: 256
[2026-05-12 16:34:39] Epoch = 0008 test acc = 0.5771
 45%|████▌     | 9/20 [2:31:05<3:51:00, 1260.04s/it]
================== Epoch 9 ==================

Choosing users 9 3 2 8 1 6 7 0 5 4
initialize synthetic data from random real images with pseudo labels
[2026-05-12 16:34:39] user 9 loss = 4.8847 at iteration 0
[2026-05-12 16:36:41] user 9 loss = 4.8195 at iteration 500
[2026-05-12 16:38:40] user 9 loss = 4.8364 at iteration 1000
initialize synthetic data from random real images with pseudo labels
[2026-05-12 16:38:41] user 3 loss = 4.9482 at iteration 0
[2026-05-12 16:40:37] user 3 loss = 4.8861 at iteration 500
[2026-05-12 16:42:33] user 3 loss = 4.8132 at iteration 1000
initialize synthetic data from random real images with pseudo labels
[2026-05-12 16:42:33] user 2 loss = 4.8757 at iteration 0
[2026-05-12 16:44:31] user 2 loss = 4.8414 at iteration 500
[2026-05-12 16:46:28] user 2 loss = 4.8049 at iteration 1000
initialize synthetic data from random real images with pseudo labels
[2026-05-12 16:46:28] user 8 loss = 4.8471 at iteration 0
[2026-05-12 16:48:25] user 8 loss = 4.8002 at iteration 500
[2026-05-12 16:50:22] user 8 loss = 4.7845 at iteration 1000
initialize synthetic data from random real images with pseudo labels
[2026-05-12 16:50:23] user 1 loss = 4.9424 at iteration 0
[2026-05-12 16:52:19] user 1 loss = 4.8472 at iteration 500
[2026-05-12 16:54:15] user 1 loss = 4.8483 at iteration 1000
initialize synthetic data from random real images with pseudo labels
[2026-05-12 16:54:15] user 6 loss = 4.8423 at iteration 0
[2026-05-12 16:56:11] user 6 loss = 4.7969 at iteration 500
[2026-05-12 16:58:07] user 6 loss = 4.7606 at iteration 1000
initialize synthetic data from random real images with pseudo labels
[2026-05-12 16:58:07] user 7 loss = 4.8454 at iteration 0
[2026-05-12 17:00:03] user 7 loss = 4.7926 at iteration 500
[2026-05-12 17:01:59] user 7 loss = 4.7783 at iteration 1000
initialize synthetic data from random real images with pseudo labels
[2026-05-12 17:01:59] user 0 loss = 4.9940 at iteration 0
[2026-05-12 17:03:54] user 0 loss = 4.9185 at iteration 500
[2026-05-12 17:05:44] user 0 loss = 4.8322 at iteration 1000
initialize synthetic data from random real images with pseudo labels
[2026-05-12 17:05:44] user 5 loss = 4.9212 at iteration 0
[2026-05-12 17:07:23] user 5 loss = 4.8382 at iteration 500
[2026-05-12 17:08:54] user 5 loss = 4.7923 at iteration 1000
initialize synthetic data from random real images with pseudo labels
[2026-05-12 17:08:55] user 4 loss = 4.8785 at iteration 0
[2026-05-12 17:09:49] user 4 loss = 4.7976 at iteration 500
[2026-05-12 17:10:45] user 4 loss = 4.7689 at iteration 1000
DSA augmentation strategy: 
color_crop_cutout_flip_scale_rotate
DSA augmentation parameters: 
{'aug_mode': 'S', 'prob_flip': 0.5, 'ratio_scale': 1.2, 'ratio_rotate': 15.0, 'ratio_crop_pad': 0.125, 'ratio_cutout': 0.5, 'ratio_noise': 0.05, 'brightness': 1.0, 'saturation': 2.0, 'contrast': 0.5, 'Siamese': True, 'latestseed': 45499}
[2026-05-12 17:10:46] Evaluate_09: epoch = 0000 test acc = 0.5771
[2026-05-12 17:11:41] Evaluate_09: epoch = 0500 train loss = 0.002155 train acc = 1.0000, test acc = 0.5795
[2026-05-12 17:12:39] Evaluate_09: epoch = 1000 train loss = 0.001227 train acc = 1.0000, test acc = 0.5839
Evaluate syns debug: loader_size: 40, batch_size: 256
[2026-05-12 17:12:39] Epoch = 0009 test acc = 0.5839
 50%|█████     | 10/20 [3:09:05<4:22:29, 1574.93s/it]
================== Epoch 10 ==================

Choosing users 7 9 6 3 8 1 4 5 0 2
initialize synthetic data from random real images with pseudo labels
[2026-05-12 17:12:39] user 7 loss = 4.8166 at iteration 0
[2026-05-12 17:13:30] user 7 loss = 4.7800 at iteration 500
[2026-05-12 17:14:22] user 7 loss = 4.7725 at iteration 1000
initialize synthetic data from random real images with pseudo labels
[2026-05-12 17:14:22] user 9 loss = 4.8520 at iteration 0
[2026-05-12 17:15:13] user 9 loss = 4.7864 at iteration 500
[2026-05-12 17:15:47] user 9 loss = 4.7561 at iteration 1000
initialize synthetic data from random real images with pseudo labels
[2026-05-12 17:15:47] user 6 loss = 4.9731 at iteration 0
[2026-05-12 17:16:20] user 6 loss = 4.9106 at iteration 500
[2026-05-12 17:16:53] user 6 loss = 4.9078 at iteration 1000
initialize synthetic data from random real images with pseudo labels
[2026-05-12 17:16:53] user 3 loss = 4.9227 at iteration 0
[2026-05-12 17:17:27] user 3 loss = 4.9192 at iteration 500
[2026-05-12 17:18:00] user 3 loss = 4.8400 at iteration 1000
initialize synthetic data from random real images with pseudo labels
[2026-05-12 17:18:00] user 8 loss = 4.9327 at iteration 0
[2026-05-12 17:18:35] user 8 loss = 4.8419 at iteration 500
[2026-05-12 17:19:09] user 8 loss = 4.8188 at iteration 1000
initialize synthetic data from random real images with pseudo labels
[2026-05-12 17:19:09] user 1 loss = 4.8563 at iteration 0
[2026-05-12 17:19:40] user 1 loss = 4.8092 at iteration 500
[2026-05-12 17:20:09] user 1 loss = 4.7817 at iteration 1000
initialize synthetic data from random real images with pseudo labels
[2026-05-12 17:20:09] user 4 loss = 4.9209 at iteration 0
[2026-05-12 17:20:42] user 4 loss = 4.8075 at iteration 500
[2026-05-12 17:21:11] user 4 loss = 4.7467 at iteration 1000
initialize synthetic data from random real images with pseudo labels
[2026-05-12 17:21:11] user 5 loss = 4.9210 at iteration 0
[2026-05-12 17:21:43] user 5 loss = 4.8196 at iteration 500
[2026-05-12 17:22:16] user 5 loss = 4.8191 at iteration 1000
initialize synthetic data from random real images with pseudo labels
[2026-05-12 17:22:16] user 0 loss = 4.8953 at iteration 0
[2026-05-12 17:22:48] user 0 loss = 4.7993 at iteration 500
[2026-05-12 17:23:23] user 0 loss = 4.7807 at iteration 1000
initialize synthetic data from random real images with pseudo labels
[2026-05-12 17:23:23] user 2 loss = 4.8769 at iteration 0
[2026-05-12 17:23:54] user 2 loss = 4.7930 at iteration 500
[2026-05-12 17:24:25] user 2 loss = 4.7834 at iteration 1000
DSA augmentation strategy: 
color_crop_cutout_flip_scale_rotate
DSA augmentation parameters: 
{'aug_mode': 'S', 'prob_flip': 0.5, 'ratio_scale': 1.2, 'ratio_rotate': 15.0, 'ratio_crop_pad': 0.125, 'ratio_cutout': 0.5, 'ratio_noise': 0.05, 'brightness': 1.0, 'saturation': 2.0, 'contrast': 0.5, 'Siamese': True, 'latestseed': 65901}
[2026-05-12 17:24:27] Evaluate_10: epoch = 0000 test acc = 0.5839
[2026-05-12 17:25:18] Evaluate_10: epoch = 0500 train loss = 0.000778 train acc = 1.0000, test acc = 0.5907
[2026-05-12 17:26:08] Evaluate_10: epoch = 1000 train loss = 0.002195 train acc = 1.0000, test acc = 0.5919
Evaluate syns debug: loader_size: 40, batch_size: 256
[2026-05-12 17:26:08] Epoch = 0010 test acc = 0.5919
 55%|█████▌    | 11/20 [3:22:35<3:21:06, 1340.68s/it]
================== Epoch 11 ==================

Choosing users 6 8 4 3 5 2 7 1 9 0
initialize synthetic data from random real images with pseudo labels
[2026-05-12 17:26:08] user 6 loss = 4.9476 at iteration 0
[2026-05-12 17:26:39] user 6 loss = 4.8452 at iteration 500
[2026-05-12 17:27:08] user 6 loss = 4.7957 at iteration 1000
initialize synthetic data from random real images with pseudo labels
[2026-05-12 17:27:08] user 8 loss = 4.9599 at iteration 0
[2026-05-12 17:27:44] user 8 loss = 4.8506 at iteration 500
[2026-05-12 17:28:16] user 8 loss = 4.8237 at iteration 1000
initialize synthetic data from random real images with pseudo labels
[2026-05-12 17:28:16] user 4 loss = 4.8595 at iteration 0
[2026-05-12 17:28:46] user 4 loss = 4.7908 at iteration 500
[2026-05-12 17:29:21] user 4 loss = 4.7766 at iteration 1000
initialize synthetic data from random real images with pseudo labels
[2026-05-12 17:29:21] user 3 loss = 4.9708 at iteration 0
[2026-05-12 17:29:54] user 3 loss = 4.8711 at iteration 500
[2026-05-12 17:30:27] user 3 loss = 4.8465 at iteration 1000
initialize synthetic data from random real images with pseudo labels
[2026-05-12 17:30:27] user 5 loss = 4.9022 at iteration 0
[2026-05-12 17:30:56] user 5 loss = 4.8674 at iteration 500
[2026-05-12 17:31:27] user 5 loss = 4.7965 at iteration 1000
initialize synthetic data from random real images with pseudo labels
[2026-05-12 17:31:27] user 2 loss = 4.8637 at iteration 0
[2026-05-12 17:31:54] user 2 loss = 4.7989 at iteration 500
[2026-05-12 17:32:23] user 2 loss = 4.7750 at iteration 1000
initialize synthetic data from random real images with pseudo labels
[2026-05-12 17:32:23] user 7 loss = 4.9024 at iteration 0
[2026-05-12 17:32:56] user 7 loss = 4.8092 at iteration 500
[2026-05-12 17:33:30] user 7 loss = 4.7719 at iteration 1000
initialize synthetic data from random real images with pseudo labels
[2026-05-12 17:33:30] user 1 loss = 4.9364 at iteration 0
[2026-05-12 17:34:04] user 1 loss = 4.8709 at iteration 500
[2026-05-12 17:34:37] user 1 loss = 4.8589 at iteration 1000
initialize synthetic data from random real images with pseudo labels
[2026-05-12 17:34:37] user 9 loss = 4.9747 at iteration 0
[2026-05-12 17:35:12] user 9 loss = 4.8888 at iteration 500
[2026-05-12 17:35:42] user 9 loss = 4.8165 at iteration 1000
initialize synthetic data from random real images with pseudo labels
[2026-05-12 17:35:43] user 0 loss = 4.9313 at iteration 0
[2026-05-12 17:36:15] user 0 loss = 4.8122 at iteration 500
[2026-05-12 17:36:43] user 0 loss = 4.7925 at iteration 1000
DSA augmentation strategy: 
color_crop_cutout_flip_scale_rotate
DSA augmentation parameters: 
{'aug_mode': 'S', 'prob_flip': 0.5, 'ratio_scale': 1.2, 'ratio_rotate': 15.0, 'ratio_crop_pad': 0.125, 'ratio_cutout': 0.5, 'ratio_noise': 0.05, 'brightness': 1.0, 'saturation': 2.0, 'contrast': 0.5, 'Siamese': True, 'latestseed': 3074}
[2026-05-12 17:36:44] Evaluate_11: epoch = 0000 test acc = 0.5919
[2026-05-12 17:37:38] Evaluate_11: epoch = 0500 train loss = 0.001872 train acc = 1.0000, test acc = 0.5946
[2026-05-12 17:38:32] Evaluate_11: epoch = 1000 train loss = 0.000703 train acc = 1.0000, test acc = 0.6022
Evaluate syns debug: loader_size: 40, batch_size: 256
[2026-05-12 17:38:32] Epoch = 0011 test acc = 0.6022
 60%|██████    | 12/20 [3:34:59<2:34:33, 1159.21s/it]
================== Epoch 12 ==================

Choosing users 4 6 0 2 1 8 9 3 7 5
initialize synthetic data from random real images with pseudo labels
[2026-05-12 17:38:32] user 4 loss = 4.8704 at iteration 0
[2026-05-12 17:39:07] user 4 loss = 4.7707 at iteration 500
[2026-05-12 17:39:37] user 4 loss = 4.7682 at iteration 1000
initialize synthetic data from random real images with pseudo labels
[2026-05-12 17:39:37] user 6 loss = 4.8838 at iteration 0
[2026-05-12 17:39:58] user 6 loss = 4.8035 at iteration 500
[2026-05-12 17:40:19] user 6 loss = 4.7765 at iteration 1000
initialize synthetic data from random real images with pseudo labels
[2026-05-12 17:40:19] user 0 loss = 4.8982 at iteration 0
[2026-05-12 17:40:34] user 0 loss = 4.8433 at iteration 500
[2026-05-12 17:40:49] user 0 loss = 4.7837 at iteration 1000
initialize synthetic data from random real images with pseudo labels
[2026-05-12 17:40:49] user 2 loss = 4.9007 at iteration 0
[2026-05-12 17:41:03] user 2 loss = 4.8433 at iteration 500
[2026-05-12 17:41:16] user 2 loss = 4.8055 at iteration 1000
initialize synthetic data from random real images with pseudo labels
[2026-05-12 17:41:16] user 1 loss = 4.8621 at iteration 0
[2026-05-12 17:41:33] user 1 loss = 4.8074 at iteration 500
[2026-05-12 17:41:47] user 1 loss = 4.7884 at iteration 1000
initialize synthetic data from random real images with pseudo labels
[2026-05-12 17:41:47] user 8 loss = 4.9987 at iteration 0
[2026-05-12 17:42:00] user 8 loss = 4.9187 at iteration 500
[2026-05-12 17:42:14] user 8 loss = 4.8309 at iteration 1000
initialize synthetic data from random real images with pseudo labels
[2026-05-12 17:42:14] user 9 loss = 4.8718 at iteration 0
[2026-05-12 17:42:28] user 9 loss = 4.8315 at iteration 500
[2026-05-12 17:42:42] user 9 loss = 4.7751 at iteration 1000
initialize synthetic data from random real images with pseudo labels
[2026-05-12 17:42:42] user 3 loss = 4.8629 at iteration 0
[2026-05-12 17:42:56] user 3 loss = 4.7880 at iteration 500
[2026-05-12 17:43:11] user 3 loss = 4.7789 at iteration 1000
initialize synthetic data from random real images with pseudo labels
[2026-05-12 17:43:11] user 7 loss = 4.8640 at iteration 0
[2026-05-12 17:43:28] user 7 loss = 4.8196 at iteration 500
[2026-05-12 17:43:41] user 7 loss = 4.7632 at iteration 1000
initialize synthetic data from random real images with pseudo labels
[2026-05-12 17:43:41] user 5 loss = 4.9263 at iteration 0
[2026-05-12 17:43:57] user 5 loss = 4.8251 at iteration 500
[2026-05-12 17:44:12] user 5 loss = 4.7818 at iteration 1000
DSA augmentation strategy: 
color_crop_cutout_flip_scale_rotate
DSA augmentation parameters: 
{'aug_mode': 'S', 'prob_flip': 0.5, 'ratio_scale': 1.2, 'ratio_rotate': 15.0, 'ratio_crop_pad': 0.125, 'ratio_cutout': 0.5, 'ratio_noise': 0.05, 'brightness': 1.0, 'saturation': 2.0, 'contrast': 0.5, 'Siamese': True, 'latestseed': 52235}
[2026-05-12 17:44:13] Evaluate_12: epoch = 0000 test acc = 0.6022
[2026-05-12 17:44:58] Evaluate_12: epoch = 0500 train loss = 0.003508 train acc = 1.0000, test acc = 0.6035
[2026-05-12 17:45:35] Evaluate_12: epoch = 1000 train loss = 0.003365 train acc = 0.9992, test acc = 0.6113
Evaluate syns debug: loader_size: 40, batch_size: 256
[2026-05-12 17:45:35] Epoch = 0012 test acc = 0.6113
 65%|██████▌   | 13/20 [3:42:02<1:49:12, 936.07s/it] 
================== Epoch 13 ==================

Choosing users 7 8 6 5 2 1 3 9 0 4
initialize synthetic data from random real images with pseudo labels
[2026-05-12 17:45:35] user 7 loss = 4.9499 at iteration 0
[2026-05-12 17:45:49] user 7 loss = 4.8563 at iteration 500
[2026-05-12 17:46:05] user 7 loss = 4.8079 at iteration 1000
initialize synthetic data from random real images with pseudo labels
[2026-05-12 17:46:05] user 8 loss = 4.9960 at iteration 0
[2026-05-12 17:46:20] user 8 loss = 4.9444 at iteration 500
[2026-05-12 17:46:34] user 8 loss = 4.8770 at iteration 1000
initialize synthetic data from random real images with pseudo labels
[2026-05-12 17:46:34] user 6 loss = 4.8806 at iteration 0
[2026-05-12 17:46:47] user 6 loss = 4.7617 at iteration 500
[2026-05-12 17:47:03] user 6 loss = 4.7575 at iteration 1000
initialize synthetic data from random real images with pseudo labels
[2026-05-12 17:47:03] user 5 loss = 4.8784 at iteration 0
[2026-05-12 17:47:17] user 5 loss = 4.8204 at iteration 500
[2026-05-12 17:47:31] user 5 loss = 4.7761 at iteration 1000
initialize synthetic data from random real images with pseudo labels
[2026-05-12 17:47:31] user 2 loss = 4.9405 at iteration 0
[2026-05-12 17:47:44] user 2 loss = 4.8297 at iteration 500
[2026-05-12 17:47:58] user 2 loss = 4.8353 at iteration 1000
initialize synthetic data from random real images with pseudo labels
[2026-05-12 17:47:58] user 1 loss = 4.8662 at iteration 0
[2026-05-12 17:48:11] user 1 loss = 4.8098 at iteration 500
[2026-05-12 17:48:26] user 1 loss = 4.7804 at iteration 1000
initialize synthetic data from random real images with pseudo labels
[2026-05-12 17:48:26] user 3 loss = 4.9123 at iteration 0
[2026-05-12 17:48:40] user 3 loss = 4.8329 at iteration 500
[2026-05-12 17:48:56] user 3 loss = 4.7850 at iteration 1000
initialize synthetic data from random real images with pseudo labels
[2026-05-12 17:48:56] user 9 loss = 4.8858 at iteration 0
[2026-05-12 17:49:10] user 9 loss = 4.8048 at iteration 500
[2026-05-12 17:49:26] user 9 loss = 4.7755 at iteration 1000
initialize synthetic data from random real images with pseudo labels
[2026-05-12 17:49:26] user 0 loss = 4.9006 at iteration 0
[2026-05-12 17:49:42] user 0 loss = 4.8380 at iteration 500
[2026-05-12 17:49:57] user 0 loss = 4.7900 at iteration 1000
initialize synthetic data from random real images with pseudo labels
[2026-05-12 17:49:57] user 4 loss = 4.8942 at iteration 0
[2026-05-12 17:50:11] user 4 loss = 4.7889 at iteration 500
[2026-05-12 17:50:24] user 4 loss = 4.7600 at iteration 1000
DSA augmentation strategy: 
color_crop_cutout_flip_scale_rotate
DSA augmentation parameters: 
{'aug_mode': 'S', 'prob_flip': 0.5, 'ratio_scale': 1.2, 'ratio_rotate': 15.0, 'ratio_crop_pad': 0.125, 'ratio_cutout': 0.5, 'ratio_noise': 0.05, 'brightness': 1.0, 'saturation': 2.0, 'contrast': 0.5, 'Siamese': True, 'latestseed': 24106}
[2026-05-12 17:50:25] Evaluate_13: epoch = 0000 test acc = 0.6113
[2026-05-12 17:51:01] Evaluate_13: epoch = 0500 train loss = 0.001561 train acc = 1.0000, test acc = 0.6150
[2026-05-12 17:51:44] Evaluate_13: epoch = 1000 train loss = 0.001440 train acc = 1.0000, test acc = 0.6186
Evaluate syns debug: loader_size: 40, batch_size: 256
[2026-05-12 17:51:44] Epoch = 0013 test acc = 0.6186
 70%|███████   | 14/20 [3:48:11<1:16:29, 764.92s/it]
================== Epoch 14 ==================

Choosing users 5 7 2 0 8 1 4 3 9 6
initialize synthetic data from random real images with pseudo labels
[2026-05-12 17:51:44] user 5 loss = 4.8433 at iteration 0
[2026-05-12 17:51:58] user 5 loss = 4.7725 at iteration 500
[2026-05-12 17:52:12] user 5 loss = 4.7480 at iteration 1000
initialize synthetic data from random real images with pseudo labels
[2026-05-12 17:52:12] user 7 loss = 4.8643 at iteration 0
[2026-05-12 17:52:26] user 7 loss = 4.8122 at iteration 500
[2026-05-12 17:52:43] user 7 loss = 4.7637 at iteration 1000
initialize synthetic data from random real images with pseudo labels
[2026-05-12 17:52:43] user 2 loss = 4.8900 at iteration 0
[2026-05-12 17:52:57] user 2 loss = 4.8136 at iteration 500
[2026-05-12 17:53:10] user 2 loss = 4.7708 at iteration 1000
initialize synthetic data from random real images with pseudo labels
[2026-05-12 17:53:10] user 0 loss = 4.8652 at iteration 0
[2026-05-12 17:53:24] user 0 loss = 4.7982 at iteration 500
[2026-05-12 17:53:38] user 0 loss = 4.7626 at iteration 1000
initialize synthetic data from random real images with pseudo labels
[2026-05-12 17:53:38] user 8 loss = 4.9559 at iteration 0
[2026-05-12 17:53:54] user 8 loss = 4.8275 at iteration 500
[2026-05-12 17:54:07] user 8 loss = 4.8027 at iteration 1000
initialize synthetic data from random real images with pseudo labels
[2026-05-12 17:54:07] user 1 loss = 4.9176 at iteration 0
[2026-05-12 17:54:22] user 1 loss = 4.8506 at iteration 500
[2026-05-12 17:54:36] user 1 loss = 4.8374 at iteration 1000
initialize synthetic data from random real images with pseudo labels
[2026-05-12 17:54:36] user 4 loss = 4.9086 at iteration 0
[2026-05-12 17:54:50] user 4 loss = 4.7804 at iteration 500
[2026-05-12 17:55:04] user 4 loss = 4.7563 at iteration 1000
initialize synthetic data from random real images with pseudo labels
[2026-05-12 17:55:04] user 3 loss = 4.9156 at iteration 0
[2026-05-12 17:55:20] user 3 loss = 4.8467 at iteration 500
[2026-05-12 17:55:34] user 3 loss = 4.8128 at iteration 1000
initialize synthetic data from random real images with pseudo labels
[2026-05-12 17:55:34] user 9 loss = 4.8316 at iteration 0
[2026-05-12 17:55:49] user 9 loss = 4.7612 at iteration 500
[2026-05-12 17:56:01] user 9 loss = 4.7361 at iteration 1000
initialize synthetic data from random real images with pseudo labels
[2026-05-12 17:56:01] user 6 loss = 4.8734 at iteration 0
[2026-05-12 17:56:15] user 6 loss = 4.8100 at iteration 500
[2026-05-12 17:56:29] user 6 loss = 4.7739 at iteration 1000
DSA augmentation strategy: 
color_crop_cutout_flip_scale_rotate
DSA augmentation parameters: 
{'aug_mode': 'S', 'prob_flip': 0.5, 'ratio_scale': 1.2, 'ratio_rotate': 15.0, 'ratio_crop_pad': 0.125, 'ratio_cutout': 0.5, 'ratio_noise': 0.05, 'brightness': 1.0, 'saturation': 2.0, 'contrast': 0.5, 'Siamese': True, 'latestseed': 89867}
[2026-05-12 17:56:30] Evaluate_14: epoch = 0000 test acc = 0.6186
[2026-05-12 17:57:15] Evaluate_14: epoch = 0500 train loss = 0.001474 train acc = 1.0000, test acc = 0.6244
[2026-05-12 17:57:56] Evaluate_14: epoch = 1000 train loss = 0.001183 train acc = 1.0000, test acc = 0.6244
Evaluate syns debug: loader_size: 40, batch_size: 256
[2026-05-12 17:57:56] Epoch = 0014 test acc = 0.6244
 75%|███████▌  | 15/20 [3:54:22<53:51, 646.33s/it]  
================== Epoch 15 ==================

Choosing users 1 6 2 3 0 7 8 9 5 4
initialize synthetic data from random real images with pseudo labels
[2026-05-12 17:57:56] user 1 loss = 4.9376 at iteration 0
[2026-05-12 17:58:10] user 1 loss = 4.8310 at iteration 500
[2026-05-12 17:58:23] user 1 loss = 4.8491 at iteration 1000
initialize synthetic data from random real images with pseudo labels
[2026-05-12 17:58:23] user 6 loss = 4.9808 at iteration 0
[2026-05-12 17:58:40] user 6 loss = 4.8658 at iteration 500
[2026-05-12 17:58:54] user 6 loss = 4.8074 at iteration 1000
initialize synthetic data from random real images with pseudo labels
[2026-05-12 17:58:54] user 2 loss = 4.8914 at iteration 0
[2026-05-12 17:59:10] user 2 loss = 4.8360 at iteration 500
[2026-05-12 17:59:26] user 2 loss = 4.8071 at iteration 1000
initialize synthetic data from random real images with pseudo labels
[2026-05-12 17:59:26] user 3 loss = 4.8716 at iteration 0
[2026-05-12 17:59:43] user 3 loss = 4.8114 at iteration 500
[2026-05-12 17:59:57] user 3 loss = 4.7771 at iteration 1000
initialize synthetic data from random real images with pseudo labels
[2026-05-12 17:59:57] user 0 loss = 4.8962 at iteration 0
[2026-05-12 18:00:12] user 0 loss = 4.8089 at iteration 500
[2026-05-12 18:00:23] user 0 loss = 4.7748 at iteration 1000
initialize synthetic data from random real images with pseudo labels
[2026-05-12 18:00:23] user 7 loss = 4.8110 at iteration 0
[2026-05-12 18:00:36] user 7 loss = 4.7770 at iteration 500
[2026-05-12 18:00:48] user 7 loss = 4.7637 at iteration 1000
initialize synthetic data from random real images with pseudo labels
[2026-05-12 18:00:48] user 8 loss = 4.8964 at iteration 0
[2026-05-12 18:01:03] user 8 loss = 4.7938 at iteration 500
[2026-05-12 18:01:21] user 8 loss = 4.7589 at iteration 1000
initialize synthetic data from random real images with pseudo labels
[2026-05-12 18:01:21] user 9 loss = 4.9261 at iteration 0
[2026-05-12 18:01:38] user 9 loss = 4.8177 at iteration 500
[2026-05-12 18:01:59] user 9 loss = 4.7945 at iteration 1000
initialize synthetic data from random real images with pseudo labels
[2026-05-12 18:01:59] user 5 loss = 4.8736 at iteration 0
[2026-05-12 18:02:18] user 5 loss = 4.8008 at iteration 500
[2026-05-12 18:02:40] user 5 loss = 4.7957 at iteration 1000
initialize synthetic data from random real images with pseudo labels
[2026-05-12 18:02:40] user 4 loss = 4.8715 at iteration 0
[2026-05-12 18:02:57] user 4 loss = 4.7780 at iteration 500
[2026-05-12 18:03:18] user 4 loss = 4.7359 at iteration 1000
DSA augmentation strategy: 
color_crop_cutout_flip_scale_rotate
DSA augmentation parameters: 
{'aug_mode': 'S', 'prob_flip': 0.5, 'ratio_scale': 1.2, 'ratio_rotate': 15.0, 'ratio_crop_pad': 0.125, 'ratio_cutout': 0.5, 'ratio_noise': 0.05, 'brightness': 1.0, 'saturation': 2.0, 'contrast': 0.5, 'Siamese': True, 'latestseed': 98089}
[2026-05-12 18:03:19] Evaluate_15: epoch = 0000 test acc = 0.6244
[2026-05-12 18:04:12] Evaluate_15: epoch = 0500 train loss = 0.002638 train acc = 1.0000, test acc = 0.6278
[2026-05-12 18:05:11] Evaluate_15: epoch = 1000 train loss = 0.000506 train acc = 1.0000, test acc = 0.6282
Evaluate syns debug: loader_size: 40, batch_size: 256
[2026-05-12 18:05:11] Epoch = 0015 test acc = 0.6282
 80%|████████  | 16/20 [4:01:38<38:51, 582.81s/it]
================== Epoch 16 ==================

Choosing users 2 6 4 0 8 9 5 7 1 3
initialize synthetic data from random real images with pseudo labels
[2026-05-12 18:05:11] user 2 loss = 4.8781 at iteration 0
[2026-05-12 18:05:30] user 2 loss = 4.8010 at iteration 500
[2026-05-12 18:05:51] user 2 loss = 4.8179 at iteration 1000
initialize synthetic data from random real images with pseudo labels
[2026-05-12 18:05:51] user 6 loss = 4.8752 at iteration 0
[2026-05-12 18:06:10] user 6 loss = 4.8546 at iteration 500
[2026-05-12 18:06:30] user 6 loss = 4.7883 at iteration 1000
initialize synthetic data from random real images with pseudo labels
[2026-05-12 18:06:30] user 4 loss = 4.8864 at iteration 0
[2026-05-12 18:06:49] user 4 loss = 4.7883 at iteration 500
[2026-05-12 18:07:07] user 4 loss = 4.7414 at iteration 1000
initialize synthetic data from random real images with pseudo labels
[2026-05-12 18:07:07] user 0 loss = 4.9120 at iteration 0
[2026-05-12 18:07:27] user 0 loss = 4.7909 at iteration 500
[2026-05-12 18:07:48] user 0 loss = 4.7719 at iteration 1000
initialize synthetic data from random real images with pseudo labels
[2026-05-12 18:07:48] user 8 loss = 4.8865 at iteration 0
[2026-05-12 18:08:08] user 8 loss = 4.8344 at iteration 500
[2026-05-12 18:08:24] user 8 loss = 4.7541 at iteration 1000
initialize synthetic data from random real images with pseudo labels
[2026-05-12 18:08:24] user 9 loss = 4.8631 at iteration 0
[2026-05-12 18:08:42] user 9 loss = 4.7840 at iteration 500
[2026-05-12 18:08:58] user 9 loss = 4.7680 at iteration 1000
initialize synthetic data from random real images with pseudo labels
[2026-05-12 18:08:58] user 5 loss = 4.8803 at iteration 0
[2026-05-12 18:09:13] user 5 loss = 4.7995 at iteration 500
[2026-05-12 18:09:30] user 5 loss = 4.7667 at iteration 1000
initialize synthetic data from random real images with pseudo labels
[2026-05-12 18:09:30] user 7 loss = 4.8574 at iteration 0
[2026-05-12 18:09:46] user 7 loss = 4.7824 at iteration 500
[2026-05-12 18:10:05] user 7 loss = 4.7702 at iteration 1000
initialize synthetic data from random real images with pseudo labels
[2026-05-12 18:10:05] user 1 loss = 4.9170 at iteration 0
[2026-05-12 18:10:24] user 1 loss = 4.8361 at iteration 500
[2026-05-12 18:10:38] user 1 loss = 4.8236 at iteration 1000
initialize synthetic data from random real images with pseudo labels
[2026-05-12 18:10:38] user 3 loss = 4.8684 at iteration 0
[2026-05-12 18:10:48] user 3 loss = 4.8284 at iteration 500
[2026-05-12 18:11:00] user 3 loss = 4.7942 at iteration 1000
DSA augmentation strategy: 
color_crop_cutout_flip_scale_rotate
DSA augmentation parameters: 
{'aug_mode': 'S', 'prob_flip': 0.5, 'ratio_scale': 1.2, 'ratio_rotate': 15.0, 'ratio_crop_pad': 0.125, 'ratio_cutout': 0.5, 'ratio_noise': 0.05, 'brightness': 1.0, 'saturation': 2.0, 'contrast': 0.5, 'Siamese': True, 'latestseed': 60230}
[2026-05-12 18:11:01] Evaluate_16: epoch = 0000 test acc = 0.6282
[2026-05-12 18:11:47] Evaluate_16: epoch = 0500 train loss = 0.001663 train acc = 1.0000, test acc = 0.6342
[2026-05-12 18:12:32] Evaluate_16: epoch = 1000 train loss = 0.000812 train acc = 1.0000, test acc = 0.6343
Evaluate syns debug: loader_size: 40, batch_size: 256
[2026-05-12 18:12:32] Epoch = 0016 test acc = 0.6343
 85%|████████▌ | 17/20 [4:08:59<27:00, 540.22s/it]
================== Epoch 17 ==================

Choosing users 5 0 8 4 1 6 2 3 9 7
initialize synthetic data from random real images with pseudo labels
[2026-05-12 18:12:32] user 5 loss = 4.9058 at iteration 0
[2026-05-12 18:12:51] user 5 loss = 4.8227 at iteration 500
[2026-05-12 18:13:11] user 5 loss = 4.7836 at iteration 1000
initialize synthetic data from random real images with pseudo labels
[2026-05-12 18:13:11] user 0 loss = 4.9066 at iteration 0
[2026-05-12 18:13:29] user 0 loss = 4.8377 at iteration 500
[2026-05-12 18:13:50] user 0 loss = 4.8124 at iteration 1000
initialize synthetic data from random real images with pseudo labels
[2026-05-12 18:13:50] user 8 loss = 4.9487 at iteration 0
[2026-05-12 18:14:09] user 8 loss = 4.9100 at iteration 500
[2026-05-12 18:14:28] user 8 loss = 4.8140 at iteration 1000
initialize synthetic data from random real images with pseudo labels
[2026-05-12 18:14:28] user 4 loss = 4.8904 at iteration 0
[2026-05-12 18:14:47] user 4 loss = 4.7828 at iteration 500
[2026-05-12 18:15:06] user 4 loss = 4.7472 at iteration 1000
initialize synthetic data from random real images with pseudo labels
[2026-05-12 18:15:06] user 1 loss = 4.8717 at iteration 0
[2026-05-12 18:15:26] user 1 loss = 4.8454 at iteration 500
[2026-05-12 18:15:45] user 1 loss = 4.7791 at iteration 1000
initialize synthetic data from random real images with pseudo labels
[2026-05-12 18:15:45] user 6 loss = 4.8707 at iteration 0
[2026-05-12 18:16:04] user 6 loss = 4.8109 at iteration 500
[2026-05-12 18:16:23] user 6 loss = 4.7646 at iteration 1000
initialize synthetic data from random real images with pseudo labels
[2026-05-12 18:16:23] user 2 loss = 4.8836 at iteration 0
[2026-05-12 18:16:43] user 2 loss = 4.8087 at iteration 500
[2026-05-12 18:17:01] user 2 loss = 4.7628 at iteration 1000
initialize synthetic data from random real images with pseudo labels
[2026-05-12 18:17:01] user 3 loss = 4.9222 at iteration 0
[2026-05-12 18:17:20] user 3 loss = 4.8900 at iteration 500
[2026-05-12 18:17:39] user 3 loss = 4.8010 at iteration 1000
initialize synthetic data from random real images with pseudo labels
[2026-05-12 18:17:39] user 9 loss = 4.8674 at iteration 0
[2026-05-12 18:17:57] user 9 loss = 4.8120 at iteration 500
[2026-05-12 18:18:16] user 9 loss = 4.7866 at iteration 1000
initialize synthetic data from random real images with pseudo labels
[2026-05-12 18:18:16] user 7 loss = 4.8967 at iteration 0
[2026-05-12 18:18:37] user 7 loss = 4.8119 at iteration 500
[2026-05-12 18:18:55] user 7 loss = 4.7684 at iteration 1000
DSA augmentation strategy: 
color_crop_cutout_flip_scale_rotate
DSA augmentation parameters: 
{'aug_mode': 'S', 'prob_flip': 0.5, 'ratio_scale': 1.2, 'ratio_rotate': 15.0, 'ratio_crop_pad': 0.125, 'ratio_cutout': 0.5, 'ratio_noise': 0.05, 'brightness': 1.0, 'saturation': 2.0, 'contrast': 0.5, 'Siamese': True, 'latestseed': 35121}
[2026-05-12 18:18:56] Evaluate_17: epoch = 0000 test acc = 0.6343
[2026-05-12 18:19:54] Evaluate_17: epoch = 0500 train loss = 0.018247 train acc = 0.9939, test acc = 0.6225
[2026-05-12 18:20:51] Evaluate_17: epoch = 1000 train loss = 0.005281 train acc = 0.9994, test acc = 0.6388
Evaluate syns debug: loader_size: 40, batch_size: 256
[2026-05-12 18:20:51] Epoch = 0017 test acc = 0.6388
 90%|█████████ | 18/20 [4:17:18<17:35, 527.80s/it]
================== Epoch 18 ==================

Choosing users 0 5 9 1 3 6 2 7 4 8
initialize synthetic data from random real images with pseudo labels
[2026-05-12 18:20:51] user 0 loss = 5.0019 at iteration 0
[2026-05-12 18:21:10] user 0 loss = 4.8655 at iteration 500
[2026-05-12 18:21:26] user 0 loss = 4.8124 at iteration 1000
initialize synthetic data from random real images with pseudo labels
[2026-05-12 18:21:26] user 5 loss = 4.8745 at iteration 0
[2026-05-12 18:21:43] user 5 loss = 4.8391 at iteration 500
[2026-05-12 18:22:01] user 5 loss = 4.8024 at iteration 1000
initialize synthetic data from random real images with pseudo labels
[2026-05-12 18:22:01] user 9 loss = 4.8863 at iteration 0
[2026-05-12 18:22:17] user 9 loss = 4.8282 at iteration 500
[2026-05-12 18:22:33] user 9 loss = 4.8029 at iteration 1000
initialize synthetic data from random real images with pseudo labels
[2026-05-12 18:22:33] user 1 loss = 4.8616 at iteration 0
[2026-05-12 18:22:49] user 1 loss = 4.8152 at iteration 500
[2026-05-12 18:23:06] user 1 loss = 4.7836 at iteration 1000
initialize synthetic data from random real images with pseudo labels
[2026-05-12 18:23:06] user 3 loss = 4.8868 at iteration 0
[2026-05-12 18:23:24] user 3 loss = 4.8081 at iteration 500
[2026-05-12 18:23:43] user 3 loss = 4.7846 at iteration 1000
initialize synthetic data from random real images with pseudo labels
[2026-05-12 18:23:43] user 6 loss = 4.8575 at iteration 0
[2026-05-12 18:24:00] user 6 loss = 4.7689 at iteration 500
[2026-05-12 18:24:19] user 6 loss = 4.7580 at iteration 1000
initialize synthetic data from random real images with pseudo labels
[2026-05-12 18:24:19] user 2 loss = 4.9202 at iteration 0
[2026-05-12 18:24:37] user 2 loss = 4.8438 at iteration 500
[2026-05-12 18:24:54] user 2 loss = 4.8227 at iteration 1000
initialize synthetic data from random real images with pseudo labels
[2026-05-12 18:24:54] user 7 loss = 4.8585 at iteration 0
[2026-05-12 18:25:12] user 7 loss = 4.8129 at iteration 500
[2026-05-12 18:25:29] user 7 loss = 4.7845 at iteration 1000
initialize synthetic data from random real images with pseudo labels
[2026-05-12 18:25:29] user 4 loss = 4.9320 at iteration 0
[2026-05-12 18:25:47] user 4 loss = 4.8147 at iteration 500
[2026-05-12 18:26:03] user 4 loss = 4.7847 at iteration 1000
initialize synthetic data from random real images with pseudo labels
[2026-05-12 18:26:03] user 8 loss = 4.9322 at iteration 0
[2026-05-12 18:26:23] user 8 loss = 4.8299 at iteration 500
[2026-05-12 18:26:40] user 8 loss = 4.7983 at iteration 1000
DSA augmentation strategy: 
color_crop_cutout_flip_scale_rotate
DSA augmentation parameters: 
{'aug_mode': 'S', 'prob_flip': 0.5, 'ratio_scale': 1.2, 'ratio_rotate': 15.0, 'ratio_crop_pad': 0.125, 'ratio_cutout': 0.5, 'ratio_noise': 0.05, 'brightness': 1.0, 'saturation': 2.0, 'contrast': 0.5, 'Siamese': True, 'latestseed': 644}
[2026-05-12 18:26:41] Evaluate_18: epoch = 0000 test acc = 0.6388
[2026-05-12 18:27:44] Evaluate_18: epoch = 0500 train loss = 0.003231 train acc = 1.0000, test acc = 0.6418
[2026-05-12 18:28:45] Evaluate_18: epoch = 1000 train loss = 0.002308 train acc = 1.0000, test acc = 0.6438
Evaluate syns debug: loader_size: 40, batch_size: 256
[2026-05-12 18:28:45] Epoch = 0018 test acc = 0.6438
 95%|█████████▌| 19/20 [4:25:12<08:31, 511.62s/it]
================== Epoch 19 ==================

Choosing users 0 4 5 9 6 8 7 2 1 3
initialize synthetic data from random real images with pseudo labels
[2026-05-12 18:28:45] user 0 loss = 4.8928 at iteration 0
[2026-05-12 18:29:02] user 0 loss = 4.8502 at iteration 500
[2026-05-12 18:29:20] user 0 loss = 4.8055 at iteration 1000
initialize synthetic data from random real images with pseudo labels
[2026-05-12 18:29:20] user 4 loss = 4.8979 at iteration 0
[2026-05-12 18:29:37] user 4 loss = 4.7675 at iteration 500
[2026-05-12 18:29:53] user 4 loss = 4.7462 at iteration 1000
initialize synthetic data from random real images with pseudo labels
[2026-05-12 18:29:53] user 5 loss = 4.8371 at iteration 0
[2026-05-12 18:30:09] user 5 loss = 4.7758 at iteration 500
[2026-05-12 18:30:25] user 5 loss = 4.7672 at iteration 1000
initialize synthetic data from random real images with pseudo labels
[2026-05-12 18:30:25] user 9 loss = 4.8462 at iteration 0
[2026-05-12 18:30:42] user 9 loss = 4.7931 at iteration 500
[2026-05-12 18:30:58] user 9 loss = 4.7617 at iteration 1000
initialize synthetic data from random real images with pseudo labels
[2026-05-12 18:30:58] user 6 loss = 4.9551 at iteration 0
[2026-05-12 18:31:15] user 6 loss = 4.8477 at iteration 500
[2026-05-12 18:31:31] user 6 loss = 4.8057 at iteration 1000
initialize synthetic data from random real images with pseudo labels
[2026-05-12 18:31:31] user 8 loss = 4.8826 at iteration 0
[2026-05-12 18:31:49] user 8 loss = 4.8010 at iteration 500
[2026-05-12 18:32:07] user 8 loss = 4.7797 at iteration 1000
initialize synthetic data from random real images with pseudo labels
[2026-05-12 18:32:07] user 7 loss = 5.0552 at iteration 0
[2026-05-12 18:32:23] user 7 loss = 4.9169 at iteration 500
[2026-05-12 18:32:40] user 7 loss = 4.8945 at iteration 1000
initialize synthetic data from random real images with pseudo labels
[2026-05-12 18:32:40] user 2 loss = 4.9562 at iteration 0
[2026-05-12 18:32:57] user 2 loss = 4.8382 at iteration 500
[2026-05-12 18:33:13] user 2 loss = 4.8010 at iteration 1000
initialize synthetic data from random real images with pseudo labels
[2026-05-12 18:33:13] user 1 loss = 4.8704 at iteration 0
[2026-05-12 18:33:29] user 1 loss = 4.8347 at iteration 500
[2026-05-12 18:33:46] user 1 loss = 4.7935 at iteration 1000
initialize synthetic data from random real images with pseudo labels
[2026-05-12 18:33:46] user 3 loss = 4.8501 at iteration 0
[2026-05-12 18:34:03] user 3 loss = 4.7878 at iteration 500
[2026-05-12 18:34:20] user 3 loss = 4.7612 at iteration 1000
DSA augmentation strategy: 
color_crop_cutout_flip_scale_rotate
DSA augmentation parameters: 
{'aug_mode': 'S', 'prob_flip': 0.5, 'ratio_scale': 1.2, 'ratio_rotate': 15.0, 'ratio_crop_pad': 0.125, 'ratio_cutout': 0.5, 'ratio_noise': 0.05, 'brightness': 1.0, 'saturation': 2.0, 'contrast': 0.5, 'Siamese': True, 'latestseed': 60897}
[2026-05-12 18:34:22] Evaluate_19: epoch = 0000 test acc = 0.6438
[2026-05-12 18:35:28] Evaluate_19: epoch = 0500 train loss = 0.001438 train acc = 1.0000, test acc = 0.6501
[2026-05-12 18:36:27] Evaluate_19: epoch = 1000 train loss = 0.002544 train acc = 0.9995, test acc = 0.6505
Evaluate syns debug: loader_size: 40, batch_size: 256
[2026-05-12 18:36:27] Epoch = 0019 test acc = 0.6505
100%|██████████| 20/20 [4:32:54<00:00, 496.82s/it]100%|██████████| 20/20 [4:32:54<00:00, 818.73s/it]
[0.3418 0.4309 0.4753 0.5014 0.5217 0.5337 0.5506 0.5668 0.5771 0.5839
 0.5919 0.6022 0.6113 0.6186 0.6244 0.6282 0.6343 0.6388 0.6438 0.6505]
[0. 0. 0. 0. 0. 0. 0. 0. 0. 0. 0. 0. 0. 0. 0. 0. 0. 0. 0. 0.]
