nohup: ignoring input
ConvNet
Data statistics: {0: {np.int64(0): np.int64(149), np.int64(1): np.int64(437), np.int64(2): np.int64(7), np.int64(3): np.int64(76), np.int64(4): np.int64(231), np.int64(5): np.int64(558), np.int64(6): np.int64(556), np.int64(7): np.int64(465), np.int64(8): np.int64(214), np.int64(9): np.int64(1286)}, 1: {np.int64(0): np.int64(586), np.int64(1): np.int64(285), np.int64(2): np.int64(1751), np.int64(3): np.int64(79), np.int64(4): np.int64(1169), np.int64(5): np.int64(24), np.int64(6): np.int64(14), np.int64(7): np.int64(96), np.int64(8): np.int64(5), np.int64(9): np.int64(2343)}, 2: {np.int64(0): np.int64(17), np.int64(1): np.int64(227), np.int64(2): np.int64(13), np.int64(3): np.int64(1), np.int64(4): np.int64(2149), np.int64(6): np.int64(1713), np.int64(7): np.int64(25), np.int64(8): np.int64(85), np.int64(9): np.int64(77)}, 3: {np.int64(0): np.int64(1230), np.int64(1): np.int64(10), np.int64(2): np.int64(821), np.int64(3): np.int64(253), np.int64(4): np.int64(48), np.int64(5): np.int64(759), np.int64(6): np.int64(35), np.int64(7): np.int64(568), np.int64(8): np.int64(948), np.int64(9): np.int64(613)}, 4: {np.int64(0): np.int64(328), np.int64(1): np.int64(425), np.int64(2): np.int64(89), np.int64(3): np.int64(1258), np.int64(4): np.int64(20), np.int64(5): np.int64(149), np.int64(6): np.int64(6), np.int64(7): np.int64(329), np.int64(8): np.int64(92), np.int64(9): np.int64(524)}, 5: {np.int64(0): np.int64(1004), np.int64(1): np.int64(17), np.int64(2): np.int64(1001), np.int64(3): np.int64(1760), np.int64(4): np.int64(4), np.int64(5): np.int64(700), np.int64(6): np.int64(91), np.int64(7): np.int64(87), np.int64(8): np.int64(281), np.int64(9): np.int64(82)}, 6: {np.int64(0): np.int64(39), np.int64(1): np.int64(1674), np.int64(2): np.int64(344), np.int64(3): np.int64(59), np.int64(4): np.int64(1119), np.int64(5): np.int64(1216), np.int64(6): np.int64(773)}, 7: {np.int64(0): np.int64(607), np.int64(1): np.int64(778), np.int64(2): np.int64(404), np.int64(3): np.int64(14), np.int64(4): np.int64(239), np.int64(5): np.int64(1348), np.int64(6): np.int64(134), np.int64(7): np.int64(803), np.int64(8): np.int64(646), np.int64(9): np.int64(74)}, 8: {np.int64(0): np.int64(4), np.int64(1): np.int64(930), np.int64(2): np.int64(431), np.int64(3): np.int64(1051), np.int64(4): np.int64(20), np.int64(5): np.int64(70), np.int64(6): np.int64(1047), np.int64(7): np.int64(1080), np.int64(8): np.int64(751)}, 9: {np.int64(0): np.int64(1036), np.int64(1): np.int64(217), np.int64(2): np.int64(139), np.int64(3): np.int64(449), np.int64(4): np.int64(1), np.int64(5): np.int64(176), np.int64(6): np.int64(631), np.int64(7): np.int64(1547), np.int64(8): np.int64(1978), np.int64(9): np.int64(1)}}
{0: [np.int64(0), np.int64(1), np.int64(3), np.int64(4), np.int64(5), np.int64(6), np.int64(7), np.int64(8), np.int64(9)], 1: [np.int64(0), np.int64(1), np.int64(2), np.int64(3), np.int64(4), np.int64(5), np.int64(6), np.int64(7), np.int64(9)], 2: [np.int64(0), np.int64(1), np.int64(2), np.int64(4), np.int64(6), np.int64(7), np.int64(8), np.int64(9)], 3: [np.int64(0), np.int64(1), np.int64(2), np.int64(3), np.int64(4), np.int64(5), np.int64(6), np.int64(7), np.int64(8), np.int64(9)], 4: [np.int64(0), np.int64(1), np.int64(2), np.int64(3), np.int64(4), np.int64(5), np.int64(7), np.int64(8), np.int64(9)], 5: [np.int64(0), np.int64(1), np.int64(2), np.int64(3), np.int64(5), np.int64(6), np.int64(7), np.int64(8), np.int64(9)], 6: [np.int64(0), np.int64(1), np.int64(2), np.int64(3), np.int64(4), np.int64(5), np.int64(6)], 7: [np.int64(0), np.int64(1), np.int64(2), np.int64(3), np.int64(4), np.int64(5), np.int64(6), np.int64(7), np.int64(8), np.int64(9)], 8: [np.int64(1), np.int64(2), np.int64(3), np.int64(4), np.int64(5), np.int64(6), np.int64(7), np.int64(8)], 9: [np.int64(0), np.int64(1), np.int64(2), np.int64(3), np.int64(5), np.int64(6), np.int64(7), np.int64(8)]}
/home/ljq/DZH/FL/feddm/main_our.py:176: UserWarning: Creating a tensor from a list of numpy.ndarrays is extremely slow. Please consider converting the list to a single numpy.ndarray with numpy.array() before converting to a tensor. (Triggered internally at /pytorch/torch/csrc/utils/tensor_new.cpp:253.)
  label_syn = torch.tensor([np.ones(args.ipc)*i for i in range(num_classes)], dtype=torch.long, requires_grad=False, device=args.device).view(-1)
/home/ljq/DZH/FL/feddm/dataset/dataset.py:317: UserWarning: To copy construct from a tensor, it is recommended to use sourceTensor.detach().clone() or sourceTensor.detach().clone().requires_grad_(True), rather than torch.tensor(sourceTensor).
  return torch.tensor(image), torch.tensor(label)
[2026-05-13 18:20:51] training begins
  0%|          | 0/20 [00:00<?, ?it/s]
================== Epoch 0 ==================

Choosing users 0 3 9 4 6 7 2 5 1 8
initialize synthetic data from random real images with pseudo labels
/home/ljq/DZH/FL/feddm/dataset/dataset.py:485: UserWarning: Default grid_sample and affine_grid behavior has changed to align_corners=False since 1.3.0. Please specify align_corners=True if the old behavior is desired. See the documentation of grid_sample for details.
  grid = F.affine_grid(theta, x.shape).to(x.device)
/home/ljq/DZH/FL/feddm/dataset/dataset.py:486: UserWarning: Default grid_sample and affine_grid behavior has changed to align_corners=False since 1.3.0. Please specify align_corners=True if the old behavior is desired. See the documentation of grid_sample for details.
  x = F.grid_sample(x, grid)
/home/ljq/DZH/FL/feddm/dataset/dataset.py:471: UserWarning: Default grid_sample and affine_grid behavior has changed to align_corners=False since 1.3.0. Please specify align_corners=True if the old behavior is desired. See the documentation of grid_sample for details.
  grid = F.affine_grid(theta, x.shape).to(x.device)
/home/ljq/DZH/FL/feddm/dataset/dataset.py:472: UserWarning: Default grid_sample and affine_grid behavior has changed to align_corners=False since 1.3.0. Please specify align_corners=True if the old behavior is desired. See the documentation of grid_sample for details.
  x = F.grid_sample(x, grid)
/home/ljq/anaconda3/envs/D3HR/lib/python3.10/site-packages/torch/functional.py:505: UserWarning: torch.meshgrid: in an upcoming release, it will be required to pass the indexing argument. (Triggered internally at /pytorch/aten/src/ATen/native/TensorShape.cpp:4381.)
  return _VF.meshgrid(tensors, **kwargs)  # type: ignore[attr-defined]
/home/ljq/DZH/FL/feddm/optimizer_cust.py:111: UserWarning: This overload of add_ is deprecated:
	add_(Number alpha, Tensor other)
Consider using one of the following signatures instead:
	add_(Tensor other, *, Number alpha = 1) (Triggered internally at /pytorch/torch/csrc/utils/python_arg_parser.cpp:1862.)
  p.data.add_(-group['lr'], d_p)
[2026-05-13 18:20:52] user 0 loss = 0.0000 at iteration 0
[2026-05-13 18:27:20] user 0 loss = 0.0000 at iteration 500
[2026-05-13 18:34:53] user 0 loss = 0.0000 at iteration 1000
initialize synthetic data from random real images with pseudo labels
[2026-05-13 18:34:54] user 3 loss = 0.0000 at iteration 0
[2026-05-13 18:43:43] user 3 loss = 0.0000 at iteration 500
[2026-05-13 18:52:08] user 3 loss = 0.0000 at iteration 1000
initialize synthetic data from random real images with pseudo labels
[2026-05-13 18:52:10] user 9 loss = 0.0000 at iteration 0
[2026-05-13 18:59:00] user 9 loss = 0.0000 at iteration 500
[2026-05-13 19:06:15] user 9 loss = 0.0000 at iteration 1000
initialize synthetic data from random real images with pseudo labels
[2026-05-13 19:06:16] user 4 loss = 0.0000 at iteration 0
[2026-05-13 19:13:39] user 4 loss = 0.0000 at iteration 500
[2026-05-13 19:20:59] user 4 loss = 0.0000 at iteration 1000
initialize synthetic data from random real images with pseudo labels
[2026-05-13 19:21:00] user 6 loss = 0.0000 at iteration 0
[2026-05-13 19:26:06] user 6 loss = 0.0000 at iteration 500
[2026-05-13 19:31:22] user 6 loss = 0.0000 at iteration 1000
initialize synthetic data from random real images with pseudo labels
[2026-05-13 19:31:23] user 7 loss = 0.0000 at iteration 0
[2026-05-13 19:38:05] user 7 loss = 0.0000 at iteration 500
[2026-05-13 19:43:26] user 7 loss = 0.0000 at iteration 1000
initialize synthetic data from random real images with pseudo labels
[2026-05-13 19:43:27] user 2 loss = 0.0000 at iteration 0
[2026-05-13 19:48:07] user 2 loss = 0.0000 at iteration 500
[2026-05-13 19:53:01] user 2 loss = 0.0000 at iteration 1000
initialize synthetic data from random real images with pseudo labels
[2026-05-13 19:53:02] user 5 loss = 0.0000 at iteration 0
[2026-05-13 19:58:31] user 5 loss = 0.0000 at iteration 500
[2026-05-13 20:04:03] user 5 loss = 0.0000 at iteration 1000
initialize synthetic data from random real images with pseudo labels
[2026-05-13 20:04:04] user 1 loss = 0.0000 at iteration 0
[2026-05-13 20:09:10] user 1 loss = 0.0000 at iteration 500
[2026-05-13 20:13:58] user 1 loss = 0.0000 at iteration 1000
initialize synthetic data from random real images with pseudo labels
[2026-05-13 20:13:58] user 8 loss = 0.0000 at iteration 0
[2026-05-13 20:19:51] user 8 loss = 0.0000 at iteration 500
[2026-05-13 20:26:10] user 8 loss = 0.0000 at iteration 1000
DSA augmentation strategy: 
color_crop_cutout_flip_scale_rotate
DSA augmentation parameters: 
{'aug_mode': 'S', 'prob_flip': 0.5, 'ratio_scale': 1.2, 'ratio_rotate': 15.0, 'ratio_crop_pad': 0.125, 'ratio_cutout': 0.5, 'ratio_noise': 0.05, 'brightness': 1.0, 'saturation': 2.0, 'contrast': 0.5, 'Siamese': True, 'latestseed': 69753}
[2026-05-13 20:26:11] Evaluate_00: epoch = 0000 test acc = 0.0927
[2026-05-13 20:28:47] Evaluate_00: epoch = 0500 train loss = 0.020221 train acc = 0.9954, test acc = 0.5500
[2026-05-13 20:31:18] Evaluate_00: epoch = 1000 train loss = 0.004330 train acc = 1.0000, test acc = 0.5579
Evaluate syns debug: loader_size: 40, batch_size: 256
[2026-05-13 20:31:18] Epoch = 0000 test acc = 0.5579
  5%|▌         | 1/20 [2:10:27<41:18:43, 7827.54s/it]
================== Epoch 1 ==================

Choosing users 3 8 0 2 1 4 7 5 6 9
initialize synthetic data from random real images with pseudo labels
[2026-05-13 20:31:19] user 3 loss = 0.0000 at iteration 0
[2026-05-13 20:39:33] user 3 loss = 0.0000 at iteration 500
[2026-05-13 20:48:04] user 3 loss = 0.0000 at iteration 1000
initialize synthetic data from random real images with pseudo labels
[2026-05-13 20:48:05] user 8 loss = 0.0000 at iteration 0
[2026-05-13 20:53:54] user 8 loss = 0.0000 at iteration 500
[2026-05-13 20:58:40] user 8 loss = 0.0000 at iteration 1000
initialize synthetic data from random real images with pseudo labels
[2026-05-13 20:58:40] user 0 loss = 0.0000 at iteration 0
[2026-05-13 21:03:47] user 0 loss = 0.0000 at iteration 500
[2026-05-13 21:09:08] user 0 loss = 0.0000 at iteration 1000
initialize synthetic data from random real images with pseudo labels
[2026-05-13 21:09:09] user 2 loss = 0.0000 at iteration 0
[2026-05-13 21:13:58] user 2 loss = 0.0000 at iteration 500
[2026-05-13 21:19:01] user 2 loss = 0.0000 at iteration 1000
initialize synthetic data from random real images with pseudo labels
[2026-05-13 21:19:02] user 1 loss = 0.0000 at iteration 0
[2026-05-13 21:24:33] user 1 loss = 0.0000 at iteration 500
[2026-05-13 21:29:51] user 1 loss = 0.0000 at iteration 1000
initialize synthetic data from random real images with pseudo labels
[2026-05-13 21:29:52] user 4 loss = 0.0000 at iteration 0
[2026-05-13 21:35:22] user 4 loss = 0.0000 at iteration 500
[2026-05-13 21:40:32] user 4 loss = 0.0000 at iteration 1000
initialize synthetic data from random real images with pseudo labels
[2026-05-13 21:40:33] user 7 loss = 0.0000 at iteration 0
[2026-05-13 21:46:06] user 7 loss = 0.0000 at iteration 500
[2026-05-13 21:51:47] user 7 loss = 0.0000 at iteration 1000
initialize synthetic data from random real images with pseudo labels
[2026-05-13 21:51:48] user 5 loss = 0.0000 at iteration 0
[2026-05-13 21:56:50] user 5 loss = 0.0000 at iteration 500
[2026-05-13 22:01:57] user 5 loss = 0.0000 at iteration 1000
initialize synthetic data from random real images with pseudo labels
[2026-05-13 22:01:58] user 6 loss = 0.0000 at iteration 0
[2026-05-13 22:05:57] user 6 loss = 0.0000 at iteration 500
[2026-05-13 22:10:09] user 6 loss = 0.0000 at iteration 1000
initialize synthetic data from random real images with pseudo labels
[2026-05-13 22:10:10] user 9 loss = 0.0000 at iteration 0
[2026-05-13 22:15:05] user 9 loss = 0.0000 at iteration 500
[2026-05-13 22:19:59] user 9 loss = 0.0000 at iteration 1000
DSA augmentation strategy: 
color_crop_cutout_flip_scale_rotate
DSA augmentation parameters: 
{'aug_mode': 'S', 'prob_flip': 0.5, 'ratio_scale': 1.2, 'ratio_rotate': 15.0, 'ratio_crop_pad': 0.125, 'ratio_cutout': 0.5, 'ratio_noise': 0.05, 'brightness': 1.0, 'saturation': 2.0, 'contrast': 0.5, 'Siamese': True, 'latestseed': 99714}
[2026-05-13 22:20:01] Evaluate_01: epoch = 0000 test acc = 0.5579
[2026-05-13 22:22:48] Evaluate_01: epoch = 0500 train loss = 0.004039 train acc = 0.9994, test acc = 0.5987
[2026-05-13 22:25:42] Evaluate_01: epoch = 1000 train loss = 0.003768 train acc = 1.0000, test acc = 0.6189
Evaluate syns debug: loader_size: 40, batch_size: 256
[2026-05-13 22:25:42] Epoch = 0001 test acc = 0.6189
 10%|█         | 2/20 [4:04:51<36:18:12, 7260.71s/it]
================== Epoch 2 ==================

Choosing users 4 7 8 5 2 0 6 1 3 9
initialize synthetic data from random real images with pseudo labels
[2026-05-13 22:25:43] user 4 loss = 0.0000 at iteration 0
[2026-05-13 22:30:45] user 4 loss = 0.0000 at iteration 500
[2026-05-13 22:35:37] user 4 loss = 0.0000 at iteration 1000
initialize synthetic data from random real images with pseudo labels
[2026-05-13 22:35:37] user 7 loss = 0.0000 at iteration 0
[2026-05-13 22:41:16] user 7 loss = 0.0000 at iteration 500
[2026-05-13 22:46:46] user 7 loss = 0.0000 at iteration 1000
initialize synthetic data from random real images with pseudo labels
[2026-05-13 22:46:47] user 8 loss = 0.0000 at iteration 0
[2026-05-13 22:51:30] user 8 loss = 0.0000 at iteration 500
[2026-05-13 22:55:45] user 8 loss = 0.0000 at iteration 1000
initialize synthetic data from random real images with pseudo labels
[2026-05-13 22:55:46] user 5 loss = 0.0000 at iteration 0
[2026-05-13 23:00:38] user 5 loss = 0.0000 at iteration 500
[2026-05-13 23:05:26] user 5 loss = 0.0000 at iteration 1000
initialize synthetic data from random real images with pseudo labels
[2026-05-13 23:05:26] user 2 loss = 0.0000 at iteration 0
[2026-05-13 23:10:05] user 2 loss = 0.0000 at iteration 500
[2026-05-13 23:14:41] user 2 loss = 0.0000 at iteration 1000
initialize synthetic data from random real images with pseudo labels
[2026-05-13 23:14:42] user 0 loss = 0.0000 at iteration 0
[2026-05-13 23:19:36] user 0 loss = 0.0000 at iteration 500
[2026-05-13 23:25:07] user 0 loss = 0.0000 at iteration 1000
initialize synthetic data from random real images with pseudo labels
[2026-05-13 23:25:07] user 6 loss = 0.0000 at iteration 0
[2026-05-13 23:29:32] user 6 loss = 0.0000 at iteration 500
[2026-05-13 23:34:03] user 6 loss = 0.0000 at iteration 1000
initialize synthetic data from random real images with pseudo labels
[2026-05-13 23:34:04] user 1 loss = 0.0000 at iteration 0
[2026-05-13 23:39:44] user 1 loss = 0.0000 at iteration 500
[2026-05-13 23:45:14] user 1 loss = 0.0000 at iteration 1000
initialize synthetic data from random real images with pseudo labels
[2026-05-13 23:45:15] user 3 loss = 0.0000 at iteration 0
[2026-05-13 23:50:50] user 3 loss = 0.0000 at iteration 500
[2026-05-13 23:56:19] user 3 loss = 0.0000 at iteration 1000
initialize synthetic data from random real images with pseudo labels
[2026-05-13 23:56:19] user 9 loss = 0.0000 at iteration 0
[2026-05-14 00:00:50] user 9 loss = 0.0000 at iteration 500
[2026-05-14 00:05:27] user 9 loss = 0.0000 at iteration 1000
DSA augmentation strategy: 
color_crop_cutout_flip_scale_rotate
DSA augmentation parameters: 
{'aug_mode': 'S', 'prob_flip': 0.5, 'ratio_scale': 1.2, 'ratio_rotate': 15.0, 'ratio_crop_pad': 0.125, 'ratio_cutout': 0.5, 'ratio_noise': 0.05, 'brightness': 1.0, 'saturation': 2.0, 'contrast': 0.5, 'Siamese': True, 'latestseed': 27169}
[2026-05-14 00:05:29] Evaluate_02: epoch = 0000 test acc = 0.6189
[2026-05-14 00:09:41] Evaluate_02: epoch = 0500 train loss = 0.015828 train acc = 0.9969, test acc = 0.6356
[2026-05-14 00:13:56] Evaluate_02: epoch = 1000 train loss = 0.003079 train acc = 1.0000, test acc = 0.6509
Evaluate syns debug: loader_size: 40, batch_size: 256
[2026-05-14 00:13:56] Epoch = 0002 test acc = 0.6509
 15%|█▌        | 3/20 [5:53:05<32:37:57, 6910.43s/it]
================== Epoch 3 ==================

Choosing users 4 1 5 6 3 7 2 0 8 9
initialize synthetic data from random real images with pseudo labels
[2026-05-14 00:13:56] user 4 loss = 0.0000 at iteration 0
[2026-05-14 00:19:04] user 4 loss = 0.0000 at iteration 500
[2026-05-14 00:24:20] user 4 loss = 0.0000 at iteration 1000
initialize synthetic data from random real images with pseudo labels
[2026-05-14 00:24:21] user 1 loss = 0.0000 at iteration 0
[2026-05-14 00:29:56] user 1 loss = 0.0000 at iteration 500
[2026-05-14 00:35:31] user 1 loss = 0.0000 at iteration 1000
initialize synthetic data from random real images with pseudo labels
[2026-05-14 00:35:32] user 5 loss = 0.0000 at iteration 0
[2026-05-14 00:41:02] user 5 loss = 0.0000 at iteration 500
[2026-05-14 00:46:22] user 5 loss = 0.0000 at iteration 1000
initialize synthetic data from random real images with pseudo labels
[2026-05-14 00:46:23] user 6 loss = 0.0000 at iteration 0
[2026-05-14 00:50:29] user 6 loss = 0.0000 at iteration 500
[2026-05-14 00:54:36] user 6 loss = 0.0000 at iteration 1000
initialize synthetic data from random real images with pseudo labels
[2026-05-14 00:54:36] user 3 loss = 0.0000 at iteration 0
[2026-05-14 01:00:25] user 3 loss = 0.0000 at iteration 500
[2026-05-14 01:06:06] user 3 loss = 0.0000 at iteration 1000
initialize synthetic data from random real images with pseudo labels
[2026-05-14 01:06:07] user 7 loss = 0.0000 at iteration 0
[2026-05-14 01:11:55] user 7 loss = 0.0000 at iteration 500
[2026-05-14 01:18:04] user 7 loss = 0.0000 at iteration 1000
initialize synthetic data from random real images with pseudo labels
[2026-05-14 01:18:05] user 2 loss = 0.0000 at iteration 0
[2026-05-14 01:23:03] user 2 loss = 0.0000 at iteration 500
[2026-05-14 01:28:18] user 2 loss = 0.0000 at iteration 1000
initialize synthetic data from random real images with pseudo labels
[2026-05-14 01:28:19] user 0 loss = 0.0000 at iteration 0
[2026-05-14 01:33:59] user 0 loss = 0.0000 at iteration 500
[2026-05-14 01:39:32] user 0 loss = 0.0000 at iteration 1000
initialize synthetic data from random real images with pseudo labels
[2026-05-14 01:39:33] user 8 loss = 0.0000 at iteration 0
[2026-05-14 01:44:48] user 8 loss = 0.0000 at iteration 500
[2026-05-14 01:50:20] user 8 loss = 0.0000 at iteration 1000
initialize synthetic data from random real images with pseudo labels
[2026-05-14 01:50:21] user 9 loss = 0.0000 at iteration 0
[2026-05-14 01:55:57] user 9 loss = 0.0000 at iteration 500
[2026-05-14 02:01:31] user 9 loss = 0.0000 at iteration 1000
DSA augmentation strategy: 
color_crop_cutout_flip_scale_rotate
DSA augmentation parameters: 
{'aug_mode': 'S', 'prob_flip': 0.5, 'ratio_scale': 1.2, 'ratio_rotate': 15.0, 'ratio_crop_pad': 0.125, 'ratio_cutout': 0.5, 'ratio_noise': 0.05, 'brightness': 1.0, 'saturation': 2.0, 'contrast': 0.5, 'Siamese': True, 'latestseed': 91331}
[2026-05-14 02:01:33] Evaluate_03: epoch = 0000 test acc = 0.6509
[2026-05-14 02:08:25] Evaluate_03: epoch = 0500 train loss = 0.009333 train acc = 0.9983, test acc = 0.6620
[2026-05-14 02:14:57] Evaluate_03: epoch = 1000 train loss = 0.002543 train acc = 0.9997, test acc = 0.6690
Evaluate syns debug: loader_size: 40, batch_size: 256
[2026-05-14 02:14:57] Epoch = 0003 test acc = 0.6690
 20%|██        | 4/20 [7:54:06<31:19:42, 7048.93s/it]
================== Epoch 4 ==================

Choosing users 5 9 1 2 4 8 0 3 7 6
initialize synthetic data from random real images with pseudo labels
[2026-05-14 02:14:58] user 5 loss = 0.0000 at iteration 0
[2026-05-14 02:20:21] user 5 loss = 0.0000 at iteration 500
[2026-05-14 02:26:18] user 5 loss = 0.0000 at iteration 1000
initialize synthetic data from random real images with pseudo labels
[2026-05-14 02:26:18] user 9 loss = 0.0000 at iteration 0
[2026-05-14 02:31:28] user 9 loss = 0.0000 at iteration 500
[2026-05-14 02:36:44] user 9 loss = 0.0000 at iteration 1000
initialize synthetic data from random real images with pseudo labels
[2026-05-14 02:36:44] user 1 loss = 0.0000 at iteration 0
[2026-05-14 02:42:28] user 1 loss = 0.0000 at iteration 500
[2026-05-14 02:48:41] user 1 loss = 0.0000 at iteration 1000
initialize synthetic data from random real images with pseudo labels
[2026-05-14 02:48:41] user 2 loss = 0.0000 at iteration 0
[2026-05-14 02:54:04] user 2 loss = 0.0000 at iteration 500
[2026-05-14 02:59:44] user 2 loss = 0.0000 at iteration 1000
initialize synthetic data from random real images with pseudo labels
[2026-05-14 02:59:45] user 4 loss = 0.0000 at iteration 0
[2026-05-14 03:06:15] user 4 loss = 0.0000 at iteration 500
[2026-05-14 03:12:27] user 4 loss = 0.0000 at iteration 1000
initialize synthetic data from random real images with pseudo labels
[2026-05-14 03:12:28] user 8 loss = 0.0000 at iteration 0
[2026-05-14 03:18:27] user 8 loss = 0.0000 at iteration 500
[2026-05-14 03:24:26] user 8 loss = 0.0000 at iteration 1000
initialize synthetic data from random real images with pseudo labels
[2026-05-14 03:24:27] user 0 loss = 0.0000 at iteration 0
[2026-05-14 03:30:48] user 0 loss = 0.0000 at iteration 500
[2026-05-14 03:36:59] user 0 loss = 0.0000 at iteration 1000
initialize synthetic data from random real images with pseudo labels
[2026-05-14 03:36:59] user 3 loss = 0.0000 at iteration 0
[2026-05-14 03:43:41] user 3 loss = 0.0000 at iteration 500
[2026-05-14 03:50:05] user 3 loss = 0.0000 at iteration 1000
initialize synthetic data from random real images with pseudo labels
[2026-05-14 03:50:06] user 7 loss = 0.0000 at iteration 0
[2026-05-14 03:56:26] user 7 loss = 0.0000 at iteration 500
[2026-05-14 04:03:02] user 7 loss = 0.0000 at iteration 1000
initialize synthetic data from random real images with pseudo labels
[2026-05-14 04:03:03] user 6 loss = 0.0000 at iteration 0
[2026-05-14 04:07:49] user 6 loss = 0.0000 at iteration 500
[2026-05-14 04:12:31] user 6 loss = 0.0000 at iteration 1000
DSA augmentation strategy: 
color_crop_cutout_flip_scale_rotate
DSA augmentation parameters: 
{'aug_mode': 'S', 'prob_flip': 0.5, 'ratio_scale': 1.2, 'ratio_rotate': 15.0, 'ratio_crop_pad': 0.125, 'ratio_cutout': 0.5, 'ratio_noise': 0.05, 'brightness': 1.0, 'saturation': 2.0, 'contrast': 0.5, 'Siamese': True, 'latestseed': 50823}
[2026-05-14 04:12:32] Evaluate_04: epoch = 0000 test acc = 0.6690
[2026-05-14 04:20:20] Evaluate_04: epoch = 0500 train loss = 0.004290 train acc = 0.9991, test acc = 0.6737
[2026-05-14 04:28:28] Evaluate_04: epoch = 1000 train loss = 0.002863 train acc = 0.9995, test acc = 0.6825
Evaluate syns debug: loader_size: 40, batch_size: 256
[2026-05-14 04:28:28] Epoch = 0004 test acc = 0.6825
 25%|██▌       | 5/20 [10:07:36<30:48:56, 7395.74s/it]
================== Epoch 5 ==================

Choosing users 0 8 5 1 4 6 7 2 9 3
initialize synthetic data from random real images with pseudo labels
[2026-05-14 04:28:29] user 0 loss = 0.0000 at iteration 0
[2026-05-14 04:34:47] user 0 loss = 0.0000 at iteration 500
[2026-05-14 04:41:10] user 0 loss = 0.0000 at iteration 1000
initialize synthetic data from random real images with pseudo labels
[2026-05-14 04:41:11] user 8 loss = 0.0000 at iteration 0
[2026-05-14 04:47:30] user 8 loss = 0.0000 at iteration 500
[2026-05-14 04:53:11] user 8 loss = 0.0000 at iteration 1000
initialize synthetic data from random real images with pseudo labels
[2026-05-14 04:53:12] user 5 loss = 0.0000 at iteration 0
[2026-05-14 04:59:39] user 5 loss = 0.0000 at iteration 500
[2026-05-14 05:05:37] user 5 loss = 0.0000 at iteration 1000
initialize synthetic data from random real images with pseudo labels
[2026-05-14 05:05:37] user 1 loss = 0.0000 at iteration 0
[2026-05-14 05:11:33] user 1 loss = 0.0000 at iteration 500
[2026-05-14 05:16:58] user 1 loss = 0.0000 at iteration 1000
initialize synthetic data from random real images with pseudo labels
[2026-05-14 05:16:58] user 4 loss = 0.0000 at iteration 0
[2026-05-14 05:22:47] user 4 loss = 0.0000 at iteration 500
[2026-05-14 05:28:37] user 4 loss = 0.0000 at iteration 1000
initialize synthetic data from random real images with pseudo labels
[2026-05-14 05:28:38] user 6 loss = 0.0000 at iteration 0
[2026-05-14 05:33:09] user 6 loss = 0.0000 at iteration 500
[2026-05-14 05:38:08] user 6 loss = 0.0000 at iteration 1000
initialize synthetic data from random real images with pseudo labels
[2026-05-14 05:38:09] user 7 loss = 0.0000 at iteration 0
[2026-05-14 05:45:01] user 7 loss = 0.0000 at iteration 500
[2026-05-14 05:52:03] user 7 loss = 0.0000 at iteration 1000
initialize synthetic data from random real images with pseudo labels
[2026-05-14 05:52:03] user 2 loss = 0.0000 at iteration 0
[2026-05-14 05:57:49] user 2 loss = 0.0000 at iteration 500
[2026-05-14 06:03:41] user 2 loss = 0.0000 at iteration 1000
initialize synthetic data from random real images with pseudo labels
[2026-05-14 06:03:41] user 9 loss = 0.0000 at iteration 0
[2026-05-14 06:09:23] user 9 loss = 0.0000 at iteration 500
[2026-05-14 06:15:00] user 9 loss = 0.0000 at iteration 1000
initialize synthetic data from random real images with pseudo labels
[2026-05-14 06:15:01] user 3 loss = 0.0000 at iteration 0
[2026-05-14 06:21:52] user 3 loss = 0.0000 at iteration 500
[2026-05-14 06:28:40] user 3 loss = 0.0000 at iteration 1000
DSA augmentation strategy: 
color_crop_cutout_flip_scale_rotate
DSA augmentation parameters: 
{'aug_mode': 'S', 'prob_flip': 0.5, 'ratio_scale': 1.2, 'ratio_rotate': 15.0, 'ratio_crop_pad': 0.125, 'ratio_cutout': 0.5, 'ratio_noise': 0.05, 'brightness': 1.0, 'saturation': 2.0, 'contrast': 0.5, 'Siamese': True, 'latestseed': 20429}
[2026-05-14 06:28:42] Evaluate_05: epoch = 0000 test acc = 0.6825
[2026-05-14 06:35:09] Evaluate_05: epoch = 0500 train loss = 0.005142 train acc = 0.9992, test acc = 0.6887
[2026-05-14 06:41:11] Evaluate_05: epoch = 1000 train loss = 0.003802 train acc = 0.9992, test acc = 0.6956
Evaluate syns debug: loader_size: 40, batch_size: 256
[2026-05-14 06:41:11] Epoch = 0005 test acc = 0.6956
 30%|███       | 6/20 [12:20:19<29:30:40, 7588.59s/it]
================== Epoch 6 ==================

Choosing users 8 9 4 7 3 6 1 0 5 2
initialize synthetic data from random real images with pseudo labels
[2026-05-14 06:41:11] user 8 loss = 0.0000 at iteration 0
[2026-05-14 06:45:21] user 8 loss = 0.0000 at iteration 500
[2026-05-14 06:49:19] user 8 loss = 0.0000 at iteration 1000
initialize synthetic data from random real images with pseudo labels
[2026-05-14 06:49:19] user 9 loss = 0.0000 at iteration 0
[2026-05-14 06:53:11] user 9 loss = 0.0000 at iteration 500
[2026-05-14 06:57:16] user 9 loss = 0.0000 at iteration 1000
initialize synthetic data from random real images with pseudo labels
[2026-05-14 06:57:16] user 4 loss = 0.0000 at iteration 0
[2026-05-14 07:01:44] user 4 loss = 0.0000 at iteration 500
[2026-05-14 07:06:09] user 4 loss = 0.0000 at iteration 1000
initialize synthetic data from random real images with pseudo labels
[2026-05-14 07:06:09] user 7 loss = 0.0000 at iteration 0
[2026-05-14 07:10:31] user 7 loss = 0.0000 at iteration 500
[2026-05-14 07:14:49] user 7 loss = 0.0000 at iteration 1000
initialize synthetic data from random real images with pseudo labels
[2026-05-14 07:14:49] user 3 loss = 0.0000 at iteration 0
[2026-05-14 07:19:14] user 3 loss = 0.0000 at iteration 500
[2026-05-14 07:23:16] user 3 loss = 0.0000 at iteration 1000
initialize synthetic data from random real images with pseudo labels
[2026-05-14 07:23:17] user 6 loss = 0.0000 at iteration 0
[2026-05-14 07:26:29] user 6 loss = 0.0000 at iteration 500
[2026-05-14 07:29:33] user 6 loss = 0.0000 at iteration 1000
initialize synthetic data from random real images with pseudo labels
[2026-05-14 07:29:34] user 1 loss = 0.0000 at iteration 0
[2026-05-14 07:33:25] user 1 loss = 0.0000 at iteration 500
[2026-05-14 07:37:31] user 1 loss = 0.0000 at iteration 1000
initialize synthetic data from random real images with pseudo labels
[2026-05-14 07:37:31] user 0 loss = 0.0000 at iteration 0
[2026-05-14 07:41:29] user 0 loss = 0.0000 at iteration 500
[2026-05-14 07:45:22] user 0 loss = 0.0000 at iteration 1000
initialize synthetic data from random real images with pseudo labels
[2026-05-14 07:45:22] user 5 loss = 0.0000 at iteration 0
[2026-05-14 07:49:25] user 5 loss = 0.0000 at iteration 500
[2026-05-14 07:53:41] user 5 loss = 0.0000 at iteration 1000
initialize synthetic data from random real images with pseudo labels
[2026-05-14 07:53:42] user 2 loss = 0.0000 at iteration 0
[2026-05-14 07:57:44] user 2 loss = 0.0000 at iteration 500
[2026-05-14 08:01:42] user 2 loss = 0.0000 at iteration 1000
DSA augmentation strategy: 
color_crop_cutout_flip_scale_rotate
DSA augmentation parameters: 
{'aug_mode': 'S', 'prob_flip': 0.5, 'ratio_scale': 1.2, 'ratio_rotate': 15.0, 'ratio_crop_pad': 0.125, 'ratio_cutout': 0.5, 'ratio_noise': 0.05, 'brightness': 1.0, 'saturation': 2.0, 'contrast': 0.5, 'Siamese': True, 'latestseed': 2813}
[2026-05-14 08:01:44] Evaluate_06: epoch = 0000 test acc = 0.6956
[2026-05-14 08:08:45] Evaluate_06: epoch = 0500 train loss = 0.005854 train acc = 0.9982, test acc = 0.6942
[2026-05-14 08:15:46] Evaluate_06: epoch = 1000 train loss = 0.001236 train acc = 1.0000, test acc = 0.7073
Evaluate syns debug: loader_size: 40, batch_size: 256
[2026-05-14 08:15:46] Epoch = 0006 test acc = 0.7073
 35%|███▌      | 7/20 [13:54:55<25:08:39, 6963.04s/it]
================== Epoch 7 ==================

Choosing users 2 0 4 9 7 5 8 3 6 1
initialize synthetic data from random real images with pseudo labels
[2026-05-14 08:15:46] user 2 loss = 0.0000 at iteration 0
[2026-05-14 08:19:23] user 2 loss = 0.0000 at iteration 500
[2026-05-14 08:22:57] user 2 loss = 0.0000 at iteration 1000
initialize synthetic data from random real images with pseudo labels
[2026-05-14 08:22:58] user 0 loss = 0.0000 at iteration 0
[2026-05-14 08:27:08] user 0 loss = 0.0000 at iteration 500
[2026-05-14 08:31:23] user 0 loss = 0.0000 at iteration 1000
initialize synthetic data from random real images with pseudo labels
[2026-05-14 08:31:24] user 4 loss = 0.0000 at iteration 0
[2026-05-14 08:35:45] user 4 loss = 0.0000 at iteration 500
[2026-05-14 08:40:03] user 4 loss = 0.0000 at iteration 1000
initialize synthetic data from random real images with pseudo labels
[2026-05-14 08:40:04] user 9 loss = 0.0000 at iteration 0
[2026-05-14 08:43:57] user 9 loss = 0.0000 at iteration 500
[2026-05-14 08:47:59] user 9 loss = 0.0000 at iteration 1000
initialize synthetic data from random real images with pseudo labels
[2026-05-14 08:47:59] user 7 loss = 0.0000 at iteration 0
[2026-05-14 08:52:51] user 7 loss = 0.0000 at iteration 500
[2026-05-14 08:57:27] user 7 loss = 0.0000 at iteration 1000
initialize synthetic data from random real images with pseudo labels
[2026-05-14 08:57:28] user 5 loss = 0.0000 at iteration 0
[2026-05-14 09:01:30] user 5 loss = 0.0000 at iteration 500
[2026-05-14 09:05:33] user 5 loss = 0.0000 at iteration 1000
initialize synthetic data from random real images with pseudo labels
[2026-05-14 09:05:34] user 8 loss = 0.0000 at iteration 0
[2026-05-14 09:09:13] user 8 loss = 0.0000 at iteration 500
[2026-05-14 09:12:57] user 8 loss = 0.0000 at iteration 1000
initialize synthetic data from random real images with pseudo labels
[2026-05-14 09:12:57] user 3 loss = 0.0000 at iteration 0
[2026-05-14 09:17:26] user 3 loss = 0.0000 at iteration 500
[2026-05-14 09:21:54] user 3 loss = 0.0000 at iteration 1000
initialize synthetic data from random real images with pseudo labels
[2026-05-14 09:21:54] user 6 loss = 0.0000 at iteration 0
[2026-05-14 09:24:59] user 6 loss = 0.0000 at iteration 500
[2026-05-14 09:28:24] user 6 loss = 0.0000 at iteration 1000
initialize synthetic data from random real images with pseudo labels
[2026-05-14 09:28:24] user 1 loss = 0.0000 at iteration 0
[2026-05-14 09:32:24] user 1 loss = 0.0000 at iteration 500
[2026-05-14 09:36:32] user 1 loss = 0.0000 at iteration 1000
DSA augmentation strategy: 
color_crop_cutout_flip_scale_rotate
DSA augmentation parameters: 
{'aug_mode': 'S', 'prob_flip': 0.5, 'ratio_scale': 1.2, 'ratio_rotate': 15.0, 'ratio_crop_pad': 0.125, 'ratio_cutout': 0.5, 'ratio_noise': 0.05, 'brightness': 1.0, 'saturation': 2.0, 'contrast': 0.5, 'Siamese': True, 'latestseed': 92011}
[2026-05-14 09:36:33] Evaluate_07: epoch = 0000 test acc = 0.7073
[2026-05-14 09:45:28] Evaluate_07: epoch = 0500 train loss = 0.003713 train acc = 0.9994, test acc = 0.7100
[2026-05-14 09:53:25] Evaluate_07: epoch = 1000 train loss = 0.002068 train acc = 0.9996, test acc = 0.7138
Evaluate syns debug: loader_size: 40, batch_size: 256
[2026-05-14 09:53:25] Epoch = 0007 test acc = 0.7138
 40%|████      | 8/20 [15:32:34<22:02:19, 6611.66s/it]
================== Epoch 8 ==================

Choosing users 2 1 4 3 8 6 7 5 0 9
initialize synthetic data from random real images with pseudo labels
[2026-05-14 09:53:26] user 2 loss = 0.0000 at iteration 0
[2026-05-14 09:57:06] user 2 loss = 0.0000 at iteration 500
[2026-05-14 10:00:52] user 2 loss = 0.0000 at iteration 1000
initialize synthetic data from random real images with pseudo labels
[2026-05-14 10:00:52] user 1 loss = 0.0000 at iteration 0
[2026-05-14 10:04:57] user 1 loss = 0.0000 at iteration 500
[2026-05-14 10:08:42] user 1 loss = 0.0000 at iteration 1000
initialize synthetic data from random real images with pseudo labels
[2026-05-14 10:08:43] user 4 loss = 0.0000 at iteration 0
[2026-05-14 10:12:32] user 4 loss = 0.0000 at iteration 500
[2026-05-14 10:16:13] user 4 loss = 0.0000 at iteration 1000
initialize synthetic data from random real images with pseudo labels
[2026-05-14 10:16:14] user 3 loss = 0.0000 at iteration 0
[2026-05-14 10:20:38] user 3 loss = 0.0000 at iteration 500
[2026-05-14 10:25:39] user 3 loss = 0.0000 at iteration 1000
initialize synthetic data from random real images with pseudo labels
[2026-05-14 10:25:39] user 8 loss = 0.0000 at iteration 0
[2026-05-14 10:31:09] user 8 loss = 0.0000 at iteration 500
[2026-05-14 10:36:51] user 8 loss = 0.0000 at iteration 1000
initialize synthetic data from random real images with pseudo labels
[2026-05-14 10:36:52] user 6 loss = 0.0000 at iteration 0
[2026-05-14 10:41:39] user 6 loss = 0.0000 at iteration 500
[2026-05-14 10:46:32] user 6 loss = 0.0000 at iteration 1000
initialize synthetic data from random real images with pseudo labels
[2026-05-14 10:46:33] user 7 loss = 0.0000 at iteration 0
[2026-05-14 10:52:49] user 7 loss = 0.0000 at iteration 500
[2026-05-14 10:59:26] user 7 loss = 0.0000 at iteration 1000
initialize synthetic data from random real images with pseudo labels
[2026-05-14 10:59:27] user 5 loss = 0.0000 at iteration 0
[2026-05-14 11:05:03] user 5 loss = 0.0000 at iteration 500
[2026-05-14 11:10:53] user 5 loss = 0.0000 at iteration 1000
initialize synthetic data from random real images with pseudo labels
[2026-05-14 11:10:53] user 0 loss = 0.0000 at iteration 0
[2026-05-14 11:17:06] user 0 loss = 0.0000 at iteration 500
[2026-05-14 11:23:43] user 0 loss = 0.0000 at iteration 1000
initialize synthetic data from random real images with pseudo labels
[2026-05-14 11:23:44] user 9 loss = 0.0000 at iteration 0
[2026-05-14 11:29:29] user 9 loss = 0.0000 at iteration 500
[2026-05-14 11:35:10] user 9 loss = 0.0000 at iteration 1000
DSA augmentation strategy: 
color_crop_cutout_flip_scale_rotate
DSA augmentation parameters: 
{'aug_mode': 'S', 'prob_flip': 0.5, 'ratio_scale': 1.2, 'ratio_rotate': 15.0, 'ratio_crop_pad': 0.125, 'ratio_cutout': 0.5, 'ratio_noise': 0.05, 'brightness': 1.0, 'saturation': 2.0, 'contrast': 0.5, 'Siamese': True, 'latestseed': 10327}
[2026-05-14 11:35:12] Evaluate_08: epoch = 0000 test acc = 0.7138
[2026-05-14 11:50:52] Evaluate_08: epoch = 0500 train loss = 0.004433 train acc = 0.9989, test acc = 0.7222
[2026-05-14 12:07:37] Evaluate_08: epoch = 1000 train loss = 0.002145 train acc = 0.9996, test acc = 0.7274
Evaluate syns debug: loader_size: 40, batch_size: 256
[2026-05-14 12:07:37] Epoch = 0008 test acc = 0.7274
 45%|████▌     | 9/20 [17:46:45<21:34:39, 7061.73s/it]
================== Epoch 9 ==================

Choosing users 8 6 9 1 4 0 7 3 5 2
initialize synthetic data from random real images with pseudo labels
[2026-05-14 12:07:38] user 8 loss = 0.0000 at iteration 0
[2026-05-14 12:15:42] user 8 loss = 0.0000 at iteration 500
[2026-05-14 12:23:48] user 8 loss = 0.0000 at iteration 1000
initialize synthetic data from random real images with pseudo labels
[2026-05-14 12:23:49] user 6 loss = 0.0000 at iteration 0
[2026-05-14 12:30:33] user 6 loss = 0.0000 at iteration 500
[2026-05-14 12:36:33] user 6 loss = 0.0000 at iteration 1000
initialize synthetic data from random real images with pseudo labels
[2026-05-14 12:36:34] user 9 loss = 0.0000 at iteration 0
[2026-05-14 12:43:18] user 9 loss = 0.0000 at iteration 500
[2026-05-14 12:49:58] user 9 loss = 0.0000 at iteration 1000
initialize synthetic data from random real images with pseudo labels
[2026-05-14 12:49:59] user 1 loss = 0.0000 at iteration 0
[2026-05-14 12:57:02] user 1 loss = 0.0000 at iteration 500
[2026-05-14 13:03:47] user 1 loss = 0.0000 at iteration 1000
initialize synthetic data from random real images with pseudo labels
[2026-05-14 13:03:48] user 4 loss = 0.0000 at iteration 0
[2026-05-14 13:10:34] user 4 loss = 0.0000 at iteration 500
[2026-05-14 13:17:21] user 4 loss = 0.0000 at iteration 1000
initialize synthetic data from random real images with pseudo labels
[2026-05-14 13:17:21] user 0 loss = 0.0000 at iteration 0
[2026-05-14 13:24:29] user 0 loss = 0.0000 at iteration 500
[2026-05-14 13:31:46] user 0 loss = 0.0000 at iteration 1000
initialize synthetic data from random real images with pseudo labels
[2026-05-14 13:31:47] user 7 loss = 0.0000 at iteration 0
[2026-05-14 13:40:13] user 7 loss = 0.0000 at iteration 500
[2026-05-14 13:49:06] user 7 loss = 0.0000 at iteration 1000
initialize synthetic data from random real images with pseudo labels
[2026-05-14 13:49:08] user 3 loss = 0.0000 at iteration 0
[2026-05-14 13:58:27] user 3 loss = 0.0000 at iteration 500
[2026-05-14 14:07:25] user 3 loss = 0.0000 at iteration 1000
initialize synthetic data from random real images with pseudo labels
[2026-05-14 14:07:27] user 5 loss = 0.0000 at iteration 0
[2026-05-14 14:15:19] user 5 loss = 0.0000 at iteration 500
[2026-05-14 14:22:48] user 5 loss = 0.0000 at iteration 1000
initialize synthetic data from random real images with pseudo labels
[2026-05-14 14:22:49] user 2 loss = 0.0000 at iteration 0
[2026-05-14 14:29:55] user 2 loss = 0.0000 at iteration 500
[2026-05-14 14:37:00] user 2 loss = 0.0000 at iteration 1000
DSA augmentation strategy: 
color_crop_cutout_flip_scale_rotate
DSA augmentation parameters: 
{'aug_mode': 'S', 'prob_flip': 0.5, 'ratio_scale': 1.2, 'ratio_rotate': 15.0, 'ratio_crop_pad': 0.125, 'ratio_cutout': 0.5, 'ratio_noise': 0.05, 'brightness': 1.0, 'saturation': 2.0, 'contrast': 0.5, 'Siamese': True, 'latestseed': 20246}
[2026-05-14 14:37:01] Evaluate_09: epoch = 0000 test acc = 0.7274
[2026-05-14 14:53:56] Evaluate_09: epoch = 0500 train loss = 0.002346 train acc = 0.9994, test acc = 0.7321
[2026-05-14 15:11:44] Evaluate_09: epoch = 1000 train loss = 0.000969 train acc = 0.9998, test acc = 0.7346
Evaluate syns debug: loader_size: 40, batch_size: 256
[2026-05-14 15:11:44] Epoch = 0009 test acc = 0.7346
 50%|█████     | 10/20 [20:50:53<23:02:02, 8292.25s/it]
================== Epoch 10 ==================

Choosing users 9 6 8 5 7 1 4 0 2 3
initialize synthetic data from random real images with pseudo labels
[2026-05-14 15:11:45] user 9 loss = 0.0000 at iteration 0
[2026-05-14 15:18:49] user 9 loss = 0.0000 at iteration 500
[2026-05-14 15:25:48] user 9 loss = 0.0000 at iteration 1000
initialize synthetic data from random real images with pseudo labels
[2026-05-14 15:25:50] user 6 loss = 0.0000 at iteration 0
[2026-05-14 15:32:19] user 6 loss = 0.0000 at iteration 500
[2026-05-14 15:38:41] user 6 loss = 0.0000 at iteration 1000
initialize synthetic data from random real images with pseudo labels
[2026-05-14 15:38:41] user 8 loss = 0.0000 at iteration 0
[2026-05-14 15:45:42] user 8 loss = 0.0000 at iteration 500
[2026-05-14 15:52:56] user 8 loss = 0.0000 at iteration 1000
initialize synthetic data from random real images with pseudo labels
[2026-05-14 15:52:57] user 5 loss = 0.0000 at iteration 0
[2026-05-14 16:01:18] user 5 loss = 0.0000 at iteration 500
[2026-05-14 16:09:18] user 5 loss = 0.0000 at iteration 1000
initialize synthetic data from random real images with pseudo labels
[2026-05-14 16:09:19] user 7 loss = 0.0000 at iteration 0
[2026-05-14 16:18:34] user 7 loss = 0.0000 at iteration 500
[2026-05-14 16:27:40] user 7 loss = 0.0000 at iteration 1000
initialize synthetic data from random real images with pseudo labels
[2026-05-14 16:27:41] user 1 loss = 0.0000 at iteration 0
[2026-05-14 16:35:50] user 1 loss = 0.0000 at iteration 500
[2026-05-14 16:43:21] user 1 loss = 0.0000 at iteration 1000
initialize synthetic data from random real images with pseudo labels
[2026-05-14 16:43:22] user 4 loss = 0.0000 at iteration 0
[2026-05-14 16:50:44] user 4 loss = 0.0000 at iteration 500
[2026-05-14 16:58:37] user 4 loss = 0.0000 at iteration 1000
initialize synthetic data from random real images with pseudo labels
[2026-05-14 16:58:38] user 0 loss = 0.0000 at iteration 0
[2026-05-14 17:06:29] user 0 loss = 0.0000 at iteration 500
[2026-05-14 17:14:37] user 0 loss = 0.0000 at iteration 1000
initialize synthetic data from random real images with pseudo labels
[2026-05-14 17:14:38] user 2 loss = 0.0000 at iteration 0
[2026-05-14 17:22:09] user 2 loss = 0.0000 at iteration 500
[2026-05-14 17:29:23] user 2 loss = 0.0000 at iteration 1000
initialize synthetic data from random real images with pseudo labels
[2026-05-14 17:29:24] user 3 loss = 0.0000 at iteration 0
[2026-05-14 17:38:07] user 3 loss = 0.0000 at iteration 500
[2026-05-14 17:46:39] user 3 loss = 0.0000 at iteration 1000
DSA augmentation strategy: 
color_crop_cutout_flip_scale_rotate
DSA augmentation parameters: 
{'aug_mode': 'S', 'prob_flip': 0.5, 'ratio_scale': 1.2, 'ratio_rotate': 15.0, 'ratio_crop_pad': 0.125, 'ratio_cutout': 0.5, 'ratio_noise': 0.05, 'brightness': 1.0, 'saturation': 2.0, 'contrast': 0.5, 'Siamese': True, 'latestseed': 99203}
[2026-05-14 17:46:40] Evaluate_10: epoch = 0000 test acc = 0.7346
[2026-05-14 18:05:37] Evaluate_10: epoch = 0500 train loss = 0.004692 train acc = 0.9992, test acc = 0.7358
[2026-05-14 18:24:45] Evaluate_10: epoch = 1000 train loss = 0.000827 train acc = 1.0000, test acc = 0.7401
Evaluate syns debug: loader_size: 40, batch_size: 256
[2026-05-14 18:24:45] Epoch = 0010 test acc = 0.7401
 55%|█████▌    | 11/20 [24:03:54<23:14:48, 9298.77s/it]
================== Epoch 11 ==================

Choosing users 7 2 4 5 8 6 9 3 0 1
initialize synthetic data from random real images with pseudo labels
[2026-05-14 18:24:47] user 7 loss = 0.0000 at iteration 0
[2026-05-14 18:33:03] user 7 loss = 0.0000 at iteration 500
[2026-05-14 18:41:00] user 7 loss = 0.0000 at iteration 1000
initialize synthetic data from random real images with pseudo labels
[2026-05-14 18:41:01] user 2 loss = 0.0000 at iteration 0
[2026-05-14 18:47:48] user 2 loss = 0.0000 at iteration 500
[2026-05-14 18:54:46] user 2 loss = 0.0000 at iteration 1000
initialize synthetic data from random real images with pseudo labels
[2026-05-14 18:54:47] user 4 loss = 0.0000 at iteration 0
[2026-05-14 19:02:06] user 4 loss = 0.0000 at iteration 500
[2026-05-14 19:09:30] user 4 loss = 0.0000 at iteration 1000
initialize synthetic data from random real images with pseudo labels
[2026-05-14 19:09:31] user 5 loss = 0.0000 at iteration 0
[2026-05-14 19:16:54] user 5 loss = 0.0000 at iteration 500
[2026-05-14 19:24:15] user 5 loss = 0.0000 at iteration 1000
initialize synthetic data from random real images with pseudo labels
[2026-05-14 19:24:16] user 8 loss = 0.0000 at iteration 0
[2026-05-14 19:31:17] user 8 loss = 0.0000 at iteration 500
[2026-05-14 19:38:45] user 8 loss = 0.0000 at iteration 1000
initialize synthetic data from random real images with pseudo labels
[2026-05-14 19:38:46] user 6 loss = 0.0000 at iteration 0
[2026-05-14 19:45:24] user 6 loss = 0.0000 at iteration 500
[2026-05-14 19:52:17] user 6 loss = 0.0000 at iteration 1000
initialize synthetic data from random real images with pseudo labels
[2026-05-14 19:52:18] user 9 loss = 0.0000 at iteration 0
[2026-05-14 20:00:13] user 9 loss = 0.0000 at iteration 500
[2026-05-14 20:08:06] user 9 loss = 0.0000 at iteration 1000
initialize synthetic data from random real images with pseudo labels
[2026-05-14 20:08:07] user 3 loss = 0.0000 at iteration 0
[2026-05-14 20:17:42] user 3 loss = 0.0000 at iteration 500
[2026-05-14 20:27:29] user 3 loss = 0.0000 at iteration 1000
initialize synthetic data from random real images with pseudo labels
[2026-05-14 20:27:31] user 0 loss = 0.0000 at iteration 0
[2026-05-14 20:36:05] user 0 loss = 0.0000 at iteration 500
[2026-05-14 20:44:11] user 0 loss = 0.0000 at iteration 1000
initialize synthetic data from random real images with pseudo labels
[2026-05-14 20:44:12] user 1 loss = 0.0000 at iteration 0
[2026-05-14 20:52:38] user 1 loss = 0.0000 at iteration 500
[2026-05-14 21:01:08] user 1 loss = 0.0000 at iteration 1000
DSA augmentation strategy: 
color_crop_cutout_flip_scale_rotate
DSA augmentation parameters: 
{'aug_mode': 'S', 'prob_flip': 0.5, 'ratio_scale': 1.2, 'ratio_rotate': 15.0, 'ratio_crop_pad': 0.125, 'ratio_cutout': 0.5, 'ratio_noise': 0.05, 'brightness': 1.0, 'saturation': 2.0, 'contrast': 0.5, 'Siamese': True, 'latestseed': 68509}
[2026-05-14 21:01:09] Evaluate_11: epoch = 0000 test acc = 0.7401
[2026-05-14 21:23:10] Evaluate_11: epoch = 0500 train loss = 0.002515 train acc = 0.9995, test acc = 0.7363
[2026-05-14 21:43:54] Evaluate_11: epoch = 1000 train loss = 0.002179 train acc = 0.9995, test acc = 0.7447
Evaluate syns debug: loader_size: 40, batch_size: 256
[2026-05-14 21:43:54] Epoch = 0011 test acc = 0.7447
 60%|██████    | 12/20 [27:23:02<22:27:18, 10104.82s/it]
================== Epoch 12 ==================

Choosing users 6 9 7 3 5 2 1 8 0 4
initialize synthetic data from random real images with pseudo labels
[2026-05-14 21:43:54] user 6 loss = 0.0000 at iteration 0
[2026-05-14 21:50:03] user 6 loss = 0.0000 at iteration 500
[2026-05-14 21:56:09] user 6 loss = 0.0000 at iteration 1000
initialize synthetic data from random real images with pseudo labels
[2026-05-14 21:56:10] user 9 loss = 0.0000 at iteration 0
[2026-05-14 22:02:59] user 9 loss = 0.0000 at iteration 500
[2026-05-14 22:09:59] user 9 loss = 0.0000 at iteration 1000
initialize synthetic data from random real images with pseudo labels
[2026-05-14 22:10:00] user 7 loss = 0.0000 at iteration 0
[2026-05-14 22:18:21] user 7 loss = 0.0000 at iteration 500
[2026-05-14 22:24:50] user 7 loss = 0.0000 at iteration 1000
initialize synthetic data from random real images with pseudo labels
[2026-05-14 22:24:51] user 3 loss = 0.0000 at iteration 0
[2026-05-14 22:31:23] user 3 loss = 0.0000 at iteration 500
[2026-05-14 22:37:54] user 3 loss = 0.0000 at iteration 1000
initialize synthetic data from random real images with pseudo labels
[2026-05-14 22:37:54] user 5 loss = 0.0000 at iteration 0
[2026-05-14 22:43:49] user 5 loss = 0.0000 at iteration 500
[2026-05-14 22:49:51] user 5 loss = 0.0000 at iteration 1000
initialize synthetic data from random real images with pseudo labels
[2026-05-14 22:49:52] user 2 loss = 0.0000 at iteration 0
[2026-05-14 22:55:50] user 2 loss = 0.0000 at iteration 500
[2026-05-14 23:01:47] user 2 loss = 0.0000 at iteration 1000
initialize synthetic data from random real images with pseudo labels
[2026-05-14 23:01:48] user 1 loss = 0.0000 at iteration 0
[2026-05-14 23:08:16] user 1 loss = 0.0000 at iteration 500
[2026-05-14 23:14:11] user 1 loss = 0.0000 at iteration 1000
initialize synthetic data from random real images with pseudo labels
[2026-05-14 23:14:12] user 8 loss = 0.0000 at iteration 0
[2026-05-14 23:20:23] user 8 loss = 0.0000 at iteration 500
[2026-05-14 23:26:28] user 8 loss = 0.0000 at iteration 1000
initialize synthetic data from random real images with pseudo labels
[2026-05-14 23:26:29] user 0 loss = 0.0000 at iteration 0
[2026-05-14 23:33:13] user 0 loss = 0.0000 at iteration 500
[2026-05-14 23:39:46] user 0 loss = 0.0000 at iteration 1000
initialize synthetic data from random real images with pseudo labels
[2026-05-14 23:39:47] user 4 loss = 0.0000 at iteration 0
[2026-05-14 23:46:40] user 4 loss = 0.0000 at iteration 500
[2026-05-14 23:53:52] user 4 loss = 0.0000 at iteration 1000
DSA augmentation strategy: 
color_crop_cutout_flip_scale_rotate
DSA augmentation parameters: 
{'aug_mode': 'S', 'prob_flip': 0.5, 'ratio_scale': 1.2, 'ratio_rotate': 15.0, 'ratio_crop_pad': 0.125, 'ratio_cutout': 0.5, 'ratio_noise': 0.05, 'brightness': 1.0, 'saturation': 2.0, 'contrast': 0.5, 'Siamese': True, 'latestseed': 32195}
[2026-05-14 23:53:53] Evaluate_12: epoch = 0000 test acc = 0.7447
[2026-05-15 00:12:55] Evaluate_12: epoch = 0500 train loss = 0.004483 train acc = 0.9988, test acc = 0.7447
[2026-05-15 00:30:40] Evaluate_12: epoch = 1000 train loss = 0.000806 train acc = 0.9998, test acc = 0.7485
Evaluate syns debug: loader_size: 40, batch_size: 256
[2026-05-15 00:30:40] Epoch = 0012 test acc = 0.7485
 65%|██████▌   | 13/20 [30:09:48<19:35:24, 10074.91s/it]
================== Epoch 13 ==================

Choosing users 6 0 3 1 5 4 9 2 8 7
initialize synthetic data from random real images with pseudo labels
[2026-05-15 00:30:40] user 6 loss = 0.0000 at iteration 0
[2026-05-15 00:35:34] user 6 loss = 0.0000 at iteration 500
[2026-05-15 00:40:31] user 6 loss = 0.0000 at iteration 1000
initialize synthetic data from random real images with pseudo labels
[2026-05-15 00:40:31] user 0 loss = 0.0000 at iteration 0
[2026-05-15 00:46:26] user 0 loss = 0.0000 at iteration 500
[2026-05-15 00:52:22] user 0 loss = 0.0000 at iteration 1000
initialize synthetic data from random real images with pseudo labels
[2026-05-15 00:52:22] user 3 loss = 0.0000 at iteration 0
[2026-05-15 00:59:02] user 3 loss = 0.0000 at iteration 500
[2026-05-15 01:05:40] user 3 loss = 0.0000 at iteration 1000
initialize synthetic data from random real images with pseudo labels
[2026-05-15 01:05:41] user 1 loss = 0.0000 at iteration 0
[2026-05-15 01:11:47] user 1 loss = 0.0000 at iteration 500
[2026-05-15 01:17:50] user 1 loss = 0.0000 at iteration 1000
initialize synthetic data from random real images with pseudo labels
[2026-05-15 01:17:51] user 5 loss = 0.0000 at iteration 0
[2026-05-15 01:23:52] user 5 loss = 0.0000 at iteration 500
[2026-05-15 01:29:48] user 5 loss = 0.0000 at iteration 1000
initialize synthetic data from random real images with pseudo labels
[2026-05-15 01:29:49] user 4 loss = 0.0000 at iteration 0
[2026-05-15 01:35:53] user 4 loss = 0.0000 at iteration 500
[2026-05-15 01:41:56] user 4 loss = 0.0000 at iteration 1000
initialize synthetic data from random real images with pseudo labels
[2026-05-15 01:41:56] user 9 loss = 0.0000 at iteration 0
[2026-05-15 01:47:32] user 9 loss = 0.0000 at iteration 500
[2026-05-15 01:52:59] user 9 loss = 0.0000 at iteration 1000
initialize synthetic data from random real images with pseudo labels
[2026-05-15 01:53:00] user 2 loss = 0.0000 at iteration 0
[2026-05-15 01:58:29] user 2 loss = 0.0000 at iteration 500
[2026-05-15 02:03:57] user 2 loss = 0.0000 at iteration 1000
initialize synthetic data from random real images with pseudo labels
[2026-05-15 02:03:58] user 8 loss = 0.0000 at iteration 0
[2026-05-15 02:09:27] user 8 loss = 0.0000 at iteration 500
[2026-05-15 02:14:59] user 8 loss = 0.0000 at iteration 1000
initialize synthetic data from random real images with pseudo labels
[2026-05-15 02:15:00] user 7 loss = 0.0000 at iteration 0
[2026-05-15 02:21:42] user 7 loss = 0.0000 at iteration 500
[2026-05-15 02:28:45] user 7 loss = 0.0000 at iteration 1000
DSA augmentation strategy: 
color_crop_cutout_flip_scale_rotate
DSA augmentation parameters: 
{'aug_mode': 'S', 'prob_flip': 0.5, 'ratio_scale': 1.2, 'ratio_rotate': 15.0, 'ratio_crop_pad': 0.125, 'ratio_cutout': 0.5, 'ratio_noise': 0.05, 'brightness': 1.0, 'saturation': 2.0, 'contrast': 0.5, 'Siamese': True, 'latestseed': 25529}
[2026-05-15 02:28:46] Evaluate_13: epoch = 0000 test acc = 0.7485
[2026-05-15 02:48:19] Evaluate_13: epoch = 0500 train loss = 0.005030 train acc = 0.9986, test acc = 0.7473
[2026-05-15 03:08:40] Evaluate_13: epoch = 1000 train loss = 0.000768 train acc = 1.0000, test acc = 0.7560
Evaluate syns debug: loader_size: 40, batch_size: 256
[2026-05-15 03:08:40] Epoch = 0013 test acc = 0.7560
 70%|███████   | 14/20 [32:47:48<16:29:31, 9895.26s/it] 
================== Epoch 14 ==================

Choosing users 9 0 4 3 6 8 7 2 5 1
initialize synthetic data from random real images with pseudo labels
[2026-05-15 03:08:41] user 9 loss = 0.0000 at iteration 0
[2026-05-15 03:14:38] user 9 loss = 0.0000 at iteration 500
[2026-05-15 03:20:29] user 9 loss = 0.0000 at iteration 1000
initialize synthetic data from random real images with pseudo labels
[2026-05-15 03:20:29] user 0 loss = 0.0000 at iteration 0
[2026-05-15 03:26:44] user 0 loss = 0.0000 at iteration 500
[2026-05-15 03:32:38] user 0 loss = 0.0000 at iteration 1000
initialize synthetic data from random real images with pseudo labels
[2026-05-15 03:32:39] user 4 loss = 0.0000 at iteration 0
[2026-05-15 03:38:25] user 4 loss = 0.0000 at iteration 500
[2026-05-15 03:44:10] user 4 loss = 0.0000 at iteration 1000
initialize synthetic data from random real images with pseudo labels
[2026-05-15 03:44:11] user 3 loss = 0.0000 at iteration 0
[2026-05-15 03:50:31] user 3 loss = 0.0000 at iteration 500
[2026-05-15 03:56:48] user 3 loss = 0.0000 at iteration 1000
initialize synthetic data from random real images with pseudo labels
[2026-05-15 03:56:48] user 6 loss = 0.0000 at iteration 0
[2026-05-15 04:01:31] user 6 loss = 0.0000 at iteration 500
[2026-05-15 04:06:14] user 6 loss = 0.0000 at iteration 1000
initialize synthetic data from random real images with pseudo labels
[2026-05-15 04:06:15] user 8 loss = 0.0000 at iteration 0
[2026-05-15 04:11:28] user 8 loss = 0.0000 at iteration 500
[2026-05-15 04:16:42] user 8 loss = 0.0000 at iteration 1000
initialize synthetic data from random real images with pseudo labels
[2026-05-15 04:16:43] user 7 loss = 0.0000 at iteration 0
[2026-05-15 04:22:59] user 7 loss = 0.0000 at iteration 500
[2026-05-15 04:29:14] user 7 loss = 0.0000 at iteration 1000
initialize synthetic data from random real images with pseudo labels
[2026-05-15 04:29:15] user 2 loss = 0.0000 at iteration 0
[2026-05-15 04:34:28] user 2 loss = 0.0000 at iteration 500
[2026-05-15 04:39:44] user 2 loss = 0.0000 at iteration 1000
initialize synthetic data from random real images with pseudo labels
[2026-05-15 04:39:45] user 5 loss = 0.0000 at iteration 0
[2026-05-15 04:45:28] user 5 loss = 0.0000 at iteration 500
[2026-05-15 04:51:13] user 5 loss = 0.0000 at iteration 1000
initialize synthetic data from random real images with pseudo labels
[2026-05-15 04:51:13] user 1 loss = 0.0000 at iteration 0
[2026-05-15 04:56:54] user 1 loss = 0.0000 at iteration 500
[2026-05-15 05:02:36] user 1 loss = 0.0000 at iteration 1000
DSA augmentation strategy: 
color_crop_cutout_flip_scale_rotate
DSA augmentation parameters: 
{'aug_mode': 'S', 'prob_flip': 0.5, 'ratio_scale': 1.2, 'ratio_rotate': 15.0, 'ratio_crop_pad': 0.125, 'ratio_cutout': 0.5, 'ratio_noise': 0.05, 'brightness': 1.0, 'saturation': 2.0, 'contrast': 0.5, 'Siamese': True, 'latestseed': 55936}
[2026-05-15 05:02:37] Evaluate_14: epoch = 0000 test acc = 0.7560
[2026-05-15 05:20:29] Evaluate_14: epoch = 0500 train loss = 0.003650 train acc = 0.9989, test acc = 0.7526
[2026-05-15 05:40:30] Evaluate_14: epoch = 1000 train loss = 0.001037 train acc = 0.9999, test acc = 0.7572
Evaluate syns debug: loader_size: 40, batch_size: 256
[2026-05-15 05:40:30] Epoch = 0014 test acc = 0.7572
 75%|███████▌  | 15/20 [35:19:39<13:24:53, 9658.65s/it]
================== Epoch 15 ==================

Choosing users 2 4 6 0 1 5 8 3 7 9
initialize synthetic data from random real images with pseudo labels
[2026-05-15 05:40:31] user 2 loss = 0.0000 at iteration 0
[2026-05-15 05:46:28] user 2 loss = 0.0000 at iteration 500
[2026-05-15 05:52:25] user 2 loss = 0.0000 at iteration 1000
initialize synthetic data from random real images with pseudo labels
[2026-05-15 05:52:26] user 4 loss = 0.0000 at iteration 0
[2026-05-15 05:58:57] user 4 loss = 0.0000 at iteration 500
[2026-05-15 06:05:25] user 4 loss = 0.0000 at iteration 1000
initialize synthetic data from random real images with pseudo labels
[2026-05-15 06:05:26] user 6 loss = 0.0000 at iteration 0
[2026-05-15 06:10:46] user 6 loss = 0.0000 at iteration 500
[2026-05-15 06:15:35] user 6 loss = 0.0000 at iteration 1000
initialize synthetic data from random real images with pseudo labels
[2026-05-15 06:15:36] user 0 loss = 0.0000 at iteration 0
[2026-05-15 06:20:38] user 0 loss = 0.0000 at iteration 500
[2026-05-15 06:25:40] user 0 loss = 0.0000 at iteration 1000
initialize synthetic data from random real images with pseudo labels
[2026-05-15 06:25:41] user 1 loss = 0.0000 at iteration 0
[2026-05-15 06:30:42] user 1 loss = 0.0000 at iteration 500
[2026-05-15 06:35:44] user 1 loss = 0.0000 at iteration 1000
initialize synthetic data from random real images with pseudo labels
[2026-05-15 06:35:45] user 5 loss = 0.0000 at iteration 0
[2026-05-15 06:40:48] user 5 loss = 0.0000 at iteration 500
[2026-05-15 06:45:51] user 5 loss = 0.0000 at iteration 1000
initialize synthetic data from random real images with pseudo labels
[2026-05-15 06:45:51] user 8 loss = 0.0000 at iteration 0
[2026-05-15 06:50:30] user 8 loss = 0.0000 at iteration 500
[2026-05-15 06:55:12] user 8 loss = 0.0000 at iteration 1000
initialize synthetic data from random real images with pseudo labels
[2026-05-15 06:55:13] user 3 loss = 0.0000 at iteration 0
[2026-05-15 07:00:44] user 3 loss = 0.0000 at iteration 500
[2026-05-15 07:06:18] user 3 loss = 0.0000 at iteration 1000
initialize synthetic data from random real images with pseudo labels
[2026-05-15 07:06:19] user 7 loss = 0.0000 at iteration 0
[2026-05-15 07:11:53] user 7 loss = 0.0000 at iteration 500
[2026-05-15 07:17:29] user 7 loss = 0.0000 at iteration 1000
initialize synthetic data from random real images with pseudo labels
[2026-05-15 07:17:30] user 9 loss = 0.0000 at iteration 0
[2026-05-15 07:22:14] user 9 loss = 0.0000 at iteration 500
[2026-05-15 07:26:56] user 9 loss = 0.0000 at iteration 1000
DSA augmentation strategy: 
color_crop_cutout_flip_scale_rotate
DSA augmentation parameters: 
{'aug_mode': 'S', 'prob_flip': 0.5, 'ratio_scale': 1.2, 'ratio_rotate': 15.0, 'ratio_crop_pad': 0.125, 'ratio_cutout': 0.5, 'ratio_noise': 0.05, 'brightness': 1.0, 'saturation': 2.0, 'contrast': 0.5, 'Siamese': True, 'latestseed': 16474}
[2026-05-15 07:26:57] Evaluate_15: epoch = 0000 test acc = 0.7572
[2026-05-15 07:44:13] Evaluate_15: epoch = 0500 train loss = 0.003112 train acc = 0.9992, test acc = 0.7548
[2026-05-15 08:01:29] Evaluate_15: epoch = 1000 train loss = 0.000959 train acc = 0.9997, test acc = 0.7609
Evaluate syns debug: loader_size: 40, batch_size: 256
[2026-05-15 08:01:29] Epoch = 0015 test acc = 0.7609
 80%|████████  | 16/20 [37:40:37<10:19:49, 9297.42s/it]
================== Epoch 16 ==================

Choosing users 2 7 3 9 8 0 4 6 1 5
initialize synthetic data from random real images with pseudo labels
[2026-05-15 08:01:29] user 2 loss = 0.0000 at iteration 0
[2026-05-15 08:06:11] user 2 loss = 0.0000 at iteration 500
[2026-05-15 08:11:13] user 2 loss = 0.0000 at iteration 1000
initialize synthetic data from random real images with pseudo labels
[2026-05-15 08:11:14] user 7 loss = 0.0000 at iteration 0
[2026-05-15 08:17:12] user 7 loss = 0.0000 at iteration 500
[2026-05-15 08:23:08] user 7 loss = 0.0000 at iteration 1000
initialize synthetic data from random real images with pseudo labels
[2026-05-15 08:23:08] user 3 loss = 0.0000 at iteration 0
[2026-05-15 08:29:04] user 3 loss = 0.0000 at iteration 500
[2026-05-15 08:35:03] user 3 loss = 0.0000 at iteration 1000
initialize synthetic data from random real images with pseudo labels
[2026-05-15 08:35:03] user 9 loss = 0.0000 at iteration 0
[2026-05-15 08:40:07] user 9 loss = 0.0000 at iteration 500
[2026-05-15 08:45:09] user 9 loss = 0.0000 at iteration 1000
initialize synthetic data from random real images with pseudo labels
[2026-05-15 08:45:10] user 8 loss = 0.0000 at iteration 0
[2026-05-15 08:50:10] user 8 loss = 0.0000 at iteration 500
[2026-05-15 08:54:50] user 8 loss = 0.0000 at iteration 1000
initialize synthetic data from random real images with pseudo labels
[2026-05-15 08:54:51] user 0 loss = 0.0000 at iteration 0
[2026-05-15 09:00:01] user 0 loss = 0.0000 at iteration 500
[2026-05-15 09:05:09] user 0 loss = 0.0000 at iteration 1000
initialize synthetic data from random real images with pseudo labels
[2026-05-15 09:05:10] user 4 loss = 0.0000 at iteration 0
[2026-05-15 09:10:19] user 4 loss = 0.0000 at iteration 500
[2026-05-15 09:15:23] user 4 loss = 0.0000 at iteration 1000
initialize synthetic data from random real images with pseudo labels
[2026-05-15 09:15:23] user 6 loss = 0.0000 at iteration 0
[2026-05-15 09:19:36] user 6 loss = 0.0000 at iteration 500
[2026-05-15 09:23:47] user 6 loss = 0.0000 at iteration 1000
initialize synthetic data from random real images with pseudo labels
[2026-05-15 09:23:47] user 1 loss = 0.0000 at iteration 0
[2026-05-15 09:28:48] user 1 loss = 0.0000 at iteration 500
[2026-05-15 09:33:54] user 1 loss = 0.0000 at iteration 1000
initialize synthetic data from random real images with pseudo labels
[2026-05-15 09:33:55] user 5 loss = 0.0000 at iteration 0
[2026-05-15 09:38:57] user 5 loss = 0.0000 at iteration 500
[2026-05-15 09:44:02] user 5 loss = 0.0000 at iteration 1000
DSA augmentation strategy: 
color_crop_cutout_flip_scale_rotate
DSA augmentation parameters: 
{'aug_mode': 'S', 'prob_flip': 0.5, 'ratio_scale': 1.2, 'ratio_rotate': 15.0, 'ratio_crop_pad': 0.125, 'ratio_cutout': 0.5, 'ratio_noise': 0.05, 'brightness': 1.0, 'saturation': 2.0, 'contrast': 0.5, 'Siamese': True, 'latestseed': 42874}
[2026-05-15 09:44:04] Evaluate_16: epoch = 0000 test acc = 0.7609
[2026-05-15 10:02:18] Evaluate_16: epoch = 0500 train loss = 0.002881 train acc = 0.9991, test acc = 0.7560
[2026-05-15 10:20:27] Evaluate_16: epoch = 1000 train loss = 0.001459 train acc = 0.9996, test acc = 0.7622
Evaluate syns debug: loader_size: 40, batch_size: 256
[2026-05-15 10:20:27] Epoch = 0016 test acc = 0.7622
 85%|████████▌ | 17/20 [39:59:35<7:30:26, 9008.97s/it] 
================== Epoch 17 ==================

Choosing users 2 8 5 4 3 7 0 1 9 6
initialize synthetic data from random real images with pseudo labels
[2026-05-15 10:20:27] user 2 loss = 0.0000 at iteration 0
[2026-05-15 10:25:05] user 2 loss = 0.0000 at iteration 500
[2026-05-15 10:29:46] user 2 loss = 0.0000 at iteration 1000
initialize synthetic data from random real images with pseudo labels
[2026-05-15 10:29:47] user 8 loss = 0.0000 at iteration 0
[2026-05-15 10:34:27] user 8 loss = 0.0000 at iteration 500
[2026-05-15 10:39:10] user 8 loss = 0.0000 at iteration 1000
initialize synthetic data from random real images with pseudo labels
[2026-05-15 10:39:10] user 5 loss = 0.0000 at iteration 0
[2026-05-15 10:44:15] user 5 loss = 0.0000 at iteration 500
[2026-05-15 10:49:43] user 5 loss = 0.0000 at iteration 1000
initialize synthetic data from random real images with pseudo labels
[2026-05-15 10:49:44] user 4 loss = 0.0000 at iteration 0
[2026-05-15 10:55:12] user 4 loss = 0.0000 at iteration 500
[2026-05-15 11:00:43] user 4 loss = 0.0000 at iteration 1000
initialize synthetic data from random real images with pseudo labels
[2026-05-15 11:00:43] user 3 loss = 0.0000 at iteration 0
[2026-05-15 11:06:40] user 3 loss = 0.0000 at iteration 500
[2026-05-15 11:12:38] user 3 loss = 0.0000 at iteration 1000
initialize synthetic data from random real images with pseudo labels
[2026-05-15 11:12:39] user 7 loss = 0.0000 at iteration 0
[2026-05-15 11:18:38] user 7 loss = 0.0000 at iteration 500
[2026-05-15 11:24:38] user 7 loss = 0.0000 at iteration 1000
initialize synthetic data from random real images with pseudo labels
[2026-05-15 11:24:39] user 0 loss = 0.0000 at iteration 0
[2026-05-15 11:30:08] user 0 loss = 0.0000 at iteration 500
[2026-05-15 11:34:37] user 0 loss = 0.0000 at iteration 1000
initialize synthetic data from random real images with pseudo labels
[2026-05-15 11:34:38] user 1 loss = 0.0000 at iteration 0
[2026-05-15 11:39:05] user 1 loss = 0.0000 at iteration 500
[2026-05-15 11:43:32] user 1 loss = 0.0000 at iteration 1000
initialize synthetic data from random real images with pseudo labels
[2026-05-15 11:43:33] user 9 loss = 0.0000 at iteration 0
[2026-05-15 11:47:40] user 9 loss = 0.0000 at iteration 500
[2026-05-15 11:51:45] user 9 loss = 0.0000 at iteration 1000
initialize synthetic data from random real images with pseudo labels
[2026-05-15 11:51:46] user 6 loss = 0.0000 at iteration 0
[2026-05-15 11:55:24] user 6 loss = 0.0000 at iteration 500
[2026-05-15 11:59:03] user 6 loss = 0.0000 at iteration 1000
DSA augmentation strategy: 
color_crop_cutout_flip_scale_rotate
DSA augmentation parameters: 
{'aug_mode': 'S', 'prob_flip': 0.5, 'ratio_scale': 1.2, 'ratio_rotate': 15.0, 'ratio_crop_pad': 0.125, 'ratio_cutout': 0.5, 'ratio_noise': 0.05, 'brightness': 1.0, 'saturation': 2.0, 'contrast': 0.5, 'Siamese': True, 'latestseed': 43658}
[2026-05-15 11:59:04] Evaluate_17: epoch = 0000 test acc = 0.7622
[2026-05-15 12:15:59] Evaluate_17: epoch = 0500 train loss = 0.002925 train acc = 0.9991, test acc = 0.7590
[2026-05-15 12:32:51] Evaluate_17: epoch = 1000 train loss = 0.001924 train acc = 0.9995, test acc = 0.7666
Evaluate syns debug: loader_size: 40, batch_size: 256
[2026-05-15 12:32:51] Epoch = 0017 test acc = 0.7666
 90%|█████████ | 18/20 [42:12:00<4:49:38, 8689.09s/it]
================== Epoch 18 ==================

Choosing users 6 4 8 5 0 7 3 1 2 9
initialize synthetic data from random real images with pseudo labels
[2026-05-15 12:32:52] user 6 loss = 0.0000 at iteration 0
[2026-05-15 12:36:31] user 6 loss = 0.0000 at iteration 500
[2026-05-15 12:40:10] user 6 loss = 0.0000 at iteration 1000
initialize synthetic data from random real images with pseudo labels
[2026-05-15 12:40:11] user 4 loss = 0.0000 at iteration 0
[2026-05-15 12:44:37] user 4 loss = 0.0000 at iteration 500
[2026-05-15 12:49:03] user 4 loss = 0.0000 at iteration 1000
initialize synthetic data from random real images with pseudo labels
[2026-05-15 12:49:04] user 8 loss = 0.0000 at iteration 0
[2026-05-15 12:53:08] user 8 loss = 0.0000 at iteration 500
[2026-05-15 12:57:14] user 8 loss = 0.0000 at iteration 1000
initialize synthetic data from random real images with pseudo labels
[2026-05-15 12:57:14] user 5 loss = 0.0000 at iteration 0
[2026-05-15 13:01:41] user 5 loss = 0.0000 at iteration 500
[2026-05-15 13:06:06] user 5 loss = 0.0000 at iteration 1000
initialize synthetic data from random real images with pseudo labels
[2026-05-15 13:06:06] user 0 loss = 0.0000 at iteration 0
[2026-05-15 13:10:32] user 0 loss = 0.0000 at iteration 500
[2026-05-15 13:14:57] user 0 loss = 0.0000 at iteration 1000
initialize synthetic data from random real images with pseudo labels
[2026-05-15 13:14:58] user 7 loss = 0.0000 at iteration 0
[2026-05-15 13:19:48] user 7 loss = 0.0000 at iteration 500
[2026-05-15 13:24:38] user 7 loss = 0.0000 at iteration 1000
initialize synthetic data from random real images with pseudo labels
[2026-05-15 13:24:39] user 3 loss = 0.0000 at iteration 0
[2026-05-15 13:29:29] user 3 loss = 0.0000 at iteration 500
[2026-05-15 13:34:18] user 3 loss = 0.0000 at iteration 1000
initialize synthetic data from random real images with pseudo labels
[2026-05-15 13:34:19] user 1 loss = 0.0000 at iteration 0
[2026-05-15 13:38:45] user 1 loss = 0.0000 at iteration 500
[2026-05-15 13:43:10] user 1 loss = 0.0000 at iteration 1000
initialize synthetic data from random real images with pseudo labels
[2026-05-15 13:43:11] user 2 loss = 0.0000 at iteration 0
[2026-05-15 13:47:15] user 2 loss = 0.0000 at iteration 500
[2026-05-15 13:51:17] user 2 loss = 0.0000 at iteration 1000
initialize synthetic data from random real images with pseudo labels
[2026-05-15 13:51:17] user 9 loss = 0.0000 at iteration 0
[2026-05-15 13:55:20] user 9 loss = 0.0000 at iteration 500
[2026-05-15 13:59:22] user 9 loss = 0.0000 at iteration 1000
DSA augmentation strategy: 
color_crop_cutout_flip_scale_rotate
DSA augmentation parameters: 
{'aug_mode': 'S', 'prob_flip': 0.5, 'ratio_scale': 1.2, 'ratio_rotate': 15.0, 'ratio_crop_pad': 0.125, 'ratio_cutout': 0.5, 'ratio_noise': 0.05, 'brightness': 1.0, 'saturation': 2.0, 'contrast': 0.5, 'Siamese': True, 'latestseed': 62914}
[2026-05-15 13:59:23] Evaluate_18: epoch = 0000 test acc = 0.7666
[2026-05-15 14:17:12] Evaluate_18: epoch = 0500 train loss = 0.003946 train acc = 0.9989, test acc = 0.7607
[2026-05-15 14:35:02] Evaluate_18: epoch = 1000 train loss = 0.001163 train acc = 0.9998, test acc = 0.7669
Evaluate syns debug: loader_size: 40, batch_size: 256
[2026-05-15 14:35:02] Epoch = 0018 test acc = 0.7669
 95%|█████████▌| 19/20 [44:14:11<2:18:01, 8281.12s/it]
================== Epoch 19 ==================

Choosing users 5 4 8 2 1 7 3 6 9 0
initialize synthetic data from random real images with pseudo labels
[2026-05-15 14:35:03] user 5 loss = 0.0000 at iteration 0
[2026-05-15 14:39:27] user 5 loss = 0.0000 at iteration 500
[2026-05-15 14:43:50] user 5 loss = 0.0000 at iteration 1000
initialize synthetic data from random real images with pseudo labels
[2026-05-15 14:43:51] user 4 loss = 0.0000 at iteration 0
[2026-05-15 14:48:13] user 4 loss = 0.0000 at iteration 500
[2026-05-15 14:52:37] user 4 loss = 0.0000 at iteration 1000
initialize synthetic data from random real images with pseudo labels
[2026-05-15 14:52:37] user 8 loss = 0.0000 at iteration 0
[2026-05-15 14:56:38] user 8 loss = 0.0000 at iteration 500
[2026-05-15 15:00:41] user 8 loss = 0.0000 at iteration 1000
initialize synthetic data from random real images with pseudo labels
[2026-05-15 15:00:41] user 2 loss = 0.0000 at iteration 0
[2026-05-15 15:04:42] user 2 loss = 0.0000 at iteration 500
[2026-05-15 15:08:43] user 2 loss = 0.0000 at iteration 1000
initialize synthetic data from random real images with pseudo labels
[2026-05-15 15:08:43] user 1 loss = 0.0000 at iteration 0
[2026-05-15 15:13:03] user 1 loss = 0.0000 at iteration 500
[2026-05-15 15:17:24] user 1 loss = 0.0000 at iteration 1000
initialize synthetic data from random real images with pseudo labels
[2026-05-15 15:17:24] user 7 loss = 0.0000 at iteration 0
[2026-05-15 15:22:07] user 7 loss = 0.0000 at iteration 500
[2026-05-15 15:26:52] user 7 loss = 0.0000 at iteration 1000
initialize synthetic data from random real images with pseudo labels
[2026-05-15 15:26:53] user 3 loss = 0.0000 at iteration 0
[2026-05-15 15:31:38] user 3 loss = 0.0000 at iteration 500
[2026-05-15 15:36:26] user 3 loss = 0.0000 at iteration 1000
initialize synthetic data from random real images with pseudo labels
[2026-05-15 15:36:26] user 6 loss = 0.0000 at iteration 0
[2026-05-15 15:40:01] user 6 loss = 0.0000 at iteration 500
[2026-05-15 15:43:34] user 6 loss = 0.0000 at iteration 1000
initialize synthetic data from random real images with pseudo labels
[2026-05-15 15:43:34] user 9 loss = 0.0000 at iteration 0
[2026-05-15 15:47:34] user 9 loss = 0.0000 at iteration 500
[2026-05-15 15:51:32] user 9 loss = 0.0000 at iteration 1000
initialize synthetic data from random real images with pseudo labels
[2026-05-15 15:51:33] user 0 loss = 0.0000 at iteration 0
[2026-05-15 15:55:54] user 0 loss = 0.0000 at iteration 500
[2026-05-15 16:00:16] user 0 loss = 0.0000 at iteration 1000
DSA augmentation strategy: 
color_crop_cutout_flip_scale_rotate
DSA augmentation parameters: 
{'aug_mode': 'S', 'prob_flip': 0.5, 'ratio_scale': 1.2, 'ratio_rotate': 15.0, 'ratio_crop_pad': 0.125, 'ratio_cutout': 0.5, 'ratio_noise': 0.05, 'brightness': 1.0, 'saturation': 2.0, 'contrast': 0.5, 'Siamese': True, 'latestseed': 16002}
[2026-05-15 16:00:17] Evaluate_19: epoch = 0000 test acc = 0.7669
[2026-05-15 16:16:03] Evaluate_19: epoch = 0500 train loss = 0.003774 train acc = 0.9990, test acc = 0.7649
[2026-05-15 16:29:44] Evaluate_19: epoch = 1000 train loss = 0.000845 train acc = 0.9999, test acc = 0.7708
Evaluate syns debug: loader_size: 40, batch_size: 256
[2026-05-15 16:29:44] Epoch = 0019 test acc = 0.7708
100%|██████████| 20/20 [46:08:53<00:00, 7861.13s/it]  100%|██████████| 20/20 [46:08:53<00:00, 8306.67s/it]
[0.5579 0.6189 0.6509 0.669  0.6825 0.6956 0.7073 0.7138 0.7274 0.7346
 0.7401 0.7447 0.7485 0.756  0.7572 0.7609 0.7622 0.7666 0.7669 0.7708]
[0. 0. 0. 0. 0. 0. 0. 0. 0. 0. 0. 0. 0. 0. 0. 0. 0. 0. 0. 0.]
